mode: atomic
code.cloudfoundry.org/log-cache/internal/cache/store/prune_consultant.go:22.87,28.2 1 2
code.cloudfoundry.org/log-cache/internal/cache/store/prune_consultant.go:30.64,32.2 1 0
code.cloudfoundry.org/log-cache/internal/cache/store/prune_consultant.go:35.69,40.28 3 2
code.cloudfoundry.org/log-cache/internal/cache/store/prune_consultant.go:40.28,42.3 1 0
code.cloudfoundry.org/log-cache/internal/cache/store/prune_consultant.go:44.2,44.39 1 2
code.cloudfoundry.org/log-cache/internal/cache/store/prune_consultant.go:44.39,47.3 2 1
code.cloudfoundry.org/log-cache/internal/cache/store/prune_consultant.go:49.2,49.10 1 1
code.cloudfoundry.org/log-cache/internal/cache/store/store.go:70.133,90.2 4 27
code.cloudfoundry.org/log-cache/internal/cache/store/store.go:92.49,129.2 1 27
code.cloudfoundry.org/log-cache/internal/cache/store/store.go:131.78,139.23 5 856760
code.cloudfoundry.org/log-cache/internal/cache/store/store.go:139.23,146.3 3 51
code.cloudfoundry.org/log-cache/internal/cache/store/store.go:148.2,148.47 1 856760
code.cloudfoundry.org/log-cache/internal/cache/store/store.go:151.80,156.42 3 856760
code.cloudfoundry.org/log-cache/internal/cache/store/store.go:156.42,161.3 4 731550
code.cloudfoundry.org/log-cache/internal/cache/store/store.go:161.8,164.3 2 125210
code.cloudfoundry.org/log-cache/internal/cache/store/store.go:166.2,167.85 2 856760
code.cloudfoundry.org/log-cache/internal/cache/store/store.go:167.85,170.14 2 856875
code.cloudfoundry.org/log-cache/internal/cache/store/store.go:170.14,171.9 1 856760
code.cloudfoundry.org/log-cache/internal/cache/store/store.go:175.2,177.48 2 856760
code.cloudfoundry.org/log-cache/internal/cache/store/store.go:177.48,179.3 1 825908
code.cloudfoundry.org/log-cache/internal/cache/store/store.go:181.2,185.44 4 856760
code.cloudfoundry.org/log-cache/internal/cache/store/store.go:185.44,188.3 2 43
code.cloudfoundry.org/log-cache/internal/cache/store/store.go:190.2,191.53 2 856760
code.cloudfoundry.org/log-cache/internal/cache/store/store.go:194.56,196.2 1 14
code.cloudfoundry.org/log-cache/internal/cache/store/store.go:198.58,199.9 1 383
code.cloudfoundry.org/log-cache/internal/cache/store/store.go:200.43,200.43 0 14
code.cloudfoundry.org/log-cache/internal/cache/store/store.go:202.10,202.10 0 369
code.cloudfoundry.org/log-cache/internal/cache/store/store.go:207.63,211.6 2 27
code.cloudfoundry.org/log-cache/internal/cache/store/store.go:211.6,219.3 5 410
code.cloudfoundry.org/log-cache/internal/cache/store/store.go:222.77,227.2 3 856760
code.cloudfoundry.org/log-cache/internal/cache/store/store.go:229.59,233.77 3 73
code.cloudfoundry.org/log-cache/internal/cache/store/store.go:233.77,240.3 5 132
code.cloudfoundry.org/log-cache/internal/cache/store/store.go:242.2,242.23 1 73
code.cloudfoundry.org/log-cache/internal/cache/store/store.go:246.32,251.24 3 383
code.cloudfoundry.org/log-cache/internal/cache/store/store.go:251.24,255.3 3 310
code.cloudfoundry.org/log-cache/internal/cache/store/store.go:258.2,258.37 1 73
code.cloudfoundry.org/log-cache/internal/cache/store/store.go:258.37,260.3 1 48
code.cloudfoundry.org/log-cache/internal/cache/store/store.go:262.2,265.37 2 73
code.cloudfoundry.org/log-cache/internal/cache/store/store.go:265.37,268.12 3 253
code.cloudfoundry.org/log-cache/internal/cache/store/store.go:268.12,270.4 1 245
code.cloudfoundry.org/log-cache/internal/cache/store/store.go:274.2,274.15 1 73
code.cloudfoundry.org/log-cache/internal/cache/store/store.go:274.15,277.3 2 73
code.cloudfoundry.org/log-cache/internal/cache/store/store.go:281.2,281.31 1 73
code.cloudfoundry.org/log-cache/internal/cache/store/store.go:281.31,285.3 3 49
code.cloudfoundry.org/log-cache/internal/cache/store/store.go:288.2,288.76 1 24
code.cloudfoundry.org/log-cache/internal/cache/store/store.go:288.76,292.3 3 24
code.cloudfoundry.org/log-cache/internal/cache/store/store.go:294.2,296.54 2 24
code.cloudfoundry.org/log-cache/internal/cache/store/store.go:296.54,299.3 2 5
code.cloudfoundry.org/log-cache/internal/cache/store/store.go:302.95,306.29 3 253
code.cloudfoundry.org/log-cache/internal/cache/store/store.go:306.29,308.3 1 0
code.cloudfoundry.org/log-cache/internal/cache/store/store.go:310.2,317.29 5 253
code.cloudfoundry.org/log-cache/internal/cache/store/store.go:317.29,320.3 2 8
code.cloudfoundry.org/log-cache/internal/cache/store/store.go:322.2,328.42 5 245
code.cloudfoundry.org/log-cache/internal/cache/store/store.go:341.30,343.9 2 124
code.cloudfoundry.org/log-cache/internal/cache/store/store.go:343.9,345.3 1 1
code.cloudfoundry.org/log-cache/internal/cache/store/store.go:347.2,351.16 4 123
code.cloudfoundry.org/log-cache/internal/cache/store/store.go:351.16,353.3 1 3
code.cloudfoundry.org/log-cache/internal/cache/store/store.go:355.2,356.106 2 123
code.cloudfoundry.org/log-cache/internal/cache/store/store.go:356.106,358.15 2 229764
code.cloudfoundry.org/log-cache/internal/cache/store/store.go:358.15,360.4 1 6
code.cloudfoundry.org/log-cache/internal/cache/store/store.go:362.3,362.48 1 229758
code.cloudfoundry.org/log-cache/internal/cache/store/store.go:362.48,364.4 1 229738
code.cloudfoundry.org/log-cache/internal/cache/store/store.go:367.3,367.27 1 229758
code.cloudfoundry.org/log-cache/internal/cache/store/store.go:370.2,371.12 2 123
code.cloudfoundry.org/log-cache/internal/cache/store/store.go:374.121,375.23 1 229764
code.cloudfoundry.org/log-cache/internal/cache/store/store.go:375.23,377.3 1 229755
code.cloudfoundry.org/log-cache/internal/cache/store/store.go:379.2,379.33 1 9
code.cloudfoundry.org/log-cache/internal/cache/store/store.go:380.40,381.62 1 3
code.cloudfoundry.org/log-cache/internal/cache/store/store.go:381.62,383.4 1 1
code.cloudfoundry.org/log-cache/internal/cache/store/store.go:386.38,389.55 3 3
code.cloudfoundry.org/log-cache/internal/cache/store/store.go:389.55,390.43 1 6
code.cloudfoundry.org/log-cache/internal/cache/store/store.go:390.43,391.13 1 5
code.cloudfoundry.org/log-cache/internal/cache/store/store.go:393.4,393.44 1 1
code.cloudfoundry.org/log-cache/internal/cache/store/store.go:396.3,396.31 1 3
code.cloudfoundry.org/log-cache/internal/cache/store/store.go:396.31,410.4 1 1
code.cloudfoundry.org/log-cache/internal/cache/store/store.go:412.38,413.60 1 3
code.cloudfoundry.org/log-cache/internal/cache/store/store.go:413.60,415.4 1 1
code.cloudfoundry.org/log-cache/internal/cache/store/store.go:418.2,418.12 1 6
code.cloudfoundry.org/log-cache/internal/cache/store/store.go:421.102,422.18 1 229758
code.cloudfoundry.org/log-cache/internal/cache/store/store.go:422.18,424.3 1 229733
code.cloudfoundry.org/log-cache/internal/cache/store/store.go:425.2,425.26 1 25
code.cloudfoundry.org/log-cache/internal/cache/store/store.go:425.26,426.32 1 25
code.cloudfoundry.org/log-cache/internal/cache/store/store.go:426.32,428.4 1 5
code.cloudfoundry.org/log-cache/internal/cache/store/store.go:430.2,430.14 1 20
code.cloudfoundry.org/log-cache/internal/cache/store/store.go:438.8,439.14 1 459634
code.cloudfoundry.org/log-cache/internal/cache/store/store.go:439.14,441.3 1 229875
code.cloudfoundry.org/log-cache/internal/cache/store/store.go:443.2,446.16 3 229759
code.cloudfoundry.org/log-cache/internal/cache/store/store.go:446.16,447.54 1 229757
code.cloudfoundry.org/log-cache/internal/cache/store/store.go:447.54,449.4 1 0
code.cloudfoundry.org/log-cache/internal/cache/store/store.go:451.3,451.62 1 229757
code.cloudfoundry.org/log-cache/internal/cache/store/store.go:451.62,453.4 1 2
code.cloudfoundry.org/log-cache/internal/cache/store/store.go:456.2,456.56 1 229757
code.cloudfoundry.org/log-cache/internal/cache/store/store.go:459.78,464.35 3 11
code.cloudfoundry.org/log-cache/internal/cache/store/store.go:464.35,466.3 1 5
code.cloudfoundry.org/log-cache/internal/cache/store/store.go:470.2,471.22 2 6
code.cloudfoundry.org/log-cache/internal/cache/store/store.go:471.22,473.3 1 3
code.cloudfoundry.org/log-cache/internal/cache/store/store.go:478.2,479.63 2 3
code.cloudfoundry.org/log-cache/internal/cache/store/store.go:487.8,488.14 1 26
code.cloudfoundry.org/log-cache/internal/cache/store/store.go:488.14,490.3 1 12
code.cloudfoundry.org/log-cache/internal/cache/store/store.go:492.2,495.13 3 14
code.cloudfoundry.org/log-cache/internal/cache/store/store.go:495.13,496.55 1 12
code.cloudfoundry.org/log-cache/internal/cache/store/store.go:496.55,498.4 1 0
code.cloudfoundry.org/log-cache/internal/cache/store/store.go:500.3,500.63 1 12
code.cloudfoundry.org/log-cache/internal/cache/store/store.go:500.63,502.4 1 3
code.cloudfoundry.org/log-cache/internal/cache/store/store.go:505.2,505.57 1 11
code.cloudfoundry.org/log-cache/internal/cache/store/store.go:508.96,509.39 1 25
code.cloudfoundry.org/log-cache/internal/cache/store/store.go:509.39,511.3 1 0
code.cloudfoundry.org/log-cache/internal/cache/store/store.go:513.2,513.11 1 25
code.cloudfoundry.org/log-cache/internal/cache/store/store.go:514.36,515.27 1 5
code.cloudfoundry.org/log-cache/internal/cache/store/store.go:516.40,517.31 1 5
code.cloudfoundry.org/log-cache/internal/cache/store/store.go:518.38,519.29 1 5
code.cloudfoundry.org/log-cache/internal/cache/store/store.go:520.38,521.29 1 5
code.cloudfoundry.org/log-cache/internal/cache/store/store.go:522.38,523.29 1 5
code.cloudfoundry.org/log-cache/internal/cache/store/store.go:524.10,527.24 1 0
code.cloudfoundry.org/log-cache/internal/cache/store/store.go:532.60,535.77 2 1005
code.cloudfoundry.org/log-cache/internal/cache/store/store.go:535.77,546.3 4 9969
code.cloudfoundry.org/log-cache/internal/cache/store/store.go:550.2,550.35 1 1005
code.cloudfoundry.org/log-cache/internal/cache/store/store.go:550.35,561.3 4 9969
code.cloudfoundry.org/log-cache/internal/cache/store/store.go:562.2,562.19 1 1005
code.cloudfoundry.org/log-cache/internal/cache/store/store.go:581.45,581.62 1 776
code.cloudfoundry.org/log-cache/internal/cache/store/store.go:582.45,582.87 1 1706
code.cloudfoundry.org/log-cache/internal/cache/store/store.go:583.45,583.72 1 1296
code.cloudfoundry.org/log-cache/internal/cache/store/store.go:585.46,587.2 1 377
code.cloudfoundry.org/log-cache/internal/cache/store/store.go:589.44,596.2 5 277
code.cloudfoundry.org/log-cache/internal/cache/store/store.go:598.56,600.2 1 856784
code.cloudfoundry.org/log-cache/internal/cache/store/store.go:603.55,605.2 1 8
