mode: atomic
code.cloudfoundry.org/log-cache/internal/nozzle/nozzle.go:54.117,64.25 2 5
code.cloudfoundry.org/log-cache/internal/nozzle/nozzle.go:64.25,66.3 1 15
code.cloudfoundry.org/log-cache/internal/nozzle/nozzle.go:68.2,68.80 1 5
code.cloudfoundry.org/log-cache/internal/nozzle/nozzle.go:68.80,70.3 1 0
code.cloudfoundry.org/log-cache/internal/nozzle/nozzle.go:72.2,72.10 1 5
code.cloudfoundry.org/log-cache/internal/nozzle/nozzle.go:80.57,81.25 1 5
code.cloudfoundry.org/log-cache/internal/nozzle/nozzle.go:81.25,83.3 1 5
code.cloudfoundry.org/log-cache/internal/nozzle/nozzle.go:86.47,87.25 1 5
code.cloudfoundry.org/log-cache/internal/nozzle/nozzle.go:87.25,89.3 1 5
code.cloudfoundry.org/log-cache/internal/nozzle/nozzle.go:92.54,93.25 1 5
code.cloudfoundry.org/log-cache/internal/nozzle/nozzle.go:93.25,95.3 1 5
code.cloudfoundry.org/log-cache/internal/nozzle/nozzle.go:100.26,104.16 3 5
code.cloudfoundry.org/log-cache/internal/nozzle/nozzle.go:104.16,106.3 1 0
code.cloudfoundry.org/log-cache/internal/nozzle/nozzle.go:107.2,127.42 8 5
code.cloudfoundry.org/log-cache/internal/nozzle/nozzle.go:127.42,129.3 1 80
code.cloudfoundry.org/log-cache/internal/nozzle/nozzle.go:132.2,132.23 1 5
code.cloudfoundry.org/log-cache/internal/nozzle/nozzle.go:135.70,139.6 4 5
code.cloudfoundry.org/log-cache/internal/nozzle/nozzle.go:139.6,142.12 2 4645
code.cloudfoundry.org/log-cache/internal/nozzle/nozzle.go:142.12,144.4 1 12
code.cloudfoundry.org/log-cache/internal/nozzle/nozzle.go:146.3,146.10 1 4645
code.cloudfoundry.org/log-cache/internal/nozzle/nozzle.go:147.14,148.26 1 10
code.cloudfoundry.org/log-cache/internal/nozzle/nozzle.go:148.26,149.12 1 4
code.cloudfoundry.org/log-cache/internal/nozzle/nozzle.go:150.26,151.53 1 4
code.cloudfoundry.org/log-cache/internal/nozzle/nozzle.go:152.13,155.31 1 0
code.cloudfoundry.org/log-cache/internal/nozzle/nozzle.go:158.4,158.33 1 10
code.cloudfoundry.org/log-cache/internal/nozzle/nozzle.go:159.11,160.44 1 4635
code.cloudfoundry.org/log-cache/internal/nozzle/nozzle.go:160.44,161.12 1 0
code.cloudfoundry.org/log-cache/internal/nozzle/nozzle.go:162.26,163.53 1 0
code.cloudfoundry.org/log-cache/internal/nozzle/nozzle.go:164.13,165.31 1 0
code.cloudfoundry.org/log-cache/internal/nozzle/nozzle.go:167.5,167.34 1 0
code.cloudfoundry.org/log-cache/internal/nozzle/nozzle.go:169.4,169.14 1 4635
code.cloudfoundry.org/log-cache/internal/nozzle/nozzle.go:169.14,171.5 1 4623
code.cloudfoundry.org/log-cache/internal/nozzle/nozzle.go:176.103,177.6 1 80
code.cloudfoundry.org/log-cache/internal/nozzle/nozzle.go:177.6,187.17 4 84
code.cloudfoundry.org/log-cache/internal/nozzle/nozzle.go:187.17,189.12 2 0
code.cloudfoundry.org/log-cache/internal/nozzle/nozzle.go:192.3,192.47 1 4
code.cloudfoundry.org/log-cache/internal/nozzle/nozzle.go:196.64,197.6 1 5
code.cloudfoundry.org/log-cache/internal/nozzle/nozzle.go:197.6,199.42 2 71856653
code.cloudfoundry.org/log-cache/internal/nozzle/nozzle.go:199.42,202.4 2 12
code.cloudfoundry.org/log-cache/internal/nozzle/nozzle.go:234.69,237.43 2 5
code.cloudfoundry.org/log-cache/internal/nozzle/nozzle.go:237.43,239.3 1 21
code.cloudfoundry.org/log-cache/internal/nozzle/nozzle.go:241.2,245.3 1 5
