mode: atomic
code.cloudfoundry.org/log-cache/internal/routing/batched_ingress_client.go:33.53,35.2 1 1
code.cloudfoundry.org/log-cache/internal/routing/batched_ingress_client.go:46.25,55.72 1 7
code.cloudfoundry.org/log-cache/internal/routing/batched_ingress_client.go:55.72,58.4 2 1
code.cloudfoundry.org/log-cache/internal/routing/batched_ingress_client.go:61.2,61.27 1 7
code.cloudfoundry.org/log-cache/internal/routing/batched_ingress_client.go:61.27,63.3 1 1
code.cloudfoundry.org/log-cache/internal/routing/batched_ingress_client.go:65.2,67.10 2 7
code.cloudfoundry.org/log-cache/internal/routing/batched_ingress_client.go:71.131,72.46 1 25016
code.cloudfoundry.org/log-cache/internal/routing/batched_ingress_client.go:72.46,74.3 1 25016
code.cloudfoundry.org/log-cache/internal/routing/batched_ingress_client.go:76.2,76.33 1 25016
code.cloudfoundry.org/log-cache/internal/routing/batched_ingress_client.go:79.40,81.6 2 7
code.cloudfoundry.org/log-cache/internal/routing/batched_ingress_client.go:81.6,83.10 2 92
code.cloudfoundry.org/log-cache/internal/routing/batched_ingress_client.go:83.10,86.12 3 21
code.cloudfoundry.org/log-cache/internal/routing/batched_ingress_client.go:88.3,88.47 1 71
code.cloudfoundry.org/log-cache/internal/routing/batched_ingress_client.go:92.59,94.26 2 15
code.cloudfoundry.org/log-cache/internal/routing/batched_ingress_client.go:94.26,96.3 1 71
code.cloudfoundry.org/log-cache/internal/routing/batched_ingress_client.go:98.2,104.16 3 15
code.cloudfoundry.org/log-cache/internal/routing/batched_ingress_client.go:104.16,107.3 2 0
code.cloudfoundry.org/log-cache/internal/routing/egress_reverse_proxy.go:42.23,51.25 2 15
code.cloudfoundry.org/log-cache/internal/routing/egress_reverse_proxy.go:51.25,53.3 1 15
code.cloudfoundry.org/log-cache/internal/routing/egress_reverse_proxy.go:55.2,55.10 1 15
code.cloudfoundry.org/log-cache/internal/routing/egress_reverse_proxy.go:59.104,61.19 2 2007
code.cloudfoundry.org/log-cache/internal/routing/egress_reverse_proxy.go:61.19,63.3 1 1
code.cloudfoundry.org/log-cache/internal/routing/egress_reverse_proxy.go:64.2,64.24 1 2006
code.cloudfoundry.org/log-cache/internal/routing/egress_reverse_proxy.go:64.24,65.22 1 3007
code.cloudfoundry.org/log-cache/internal/routing/egress_reverse_proxy.go:65.22,67.4 1 1003
code.cloudfoundry.org/log-cache/internal/routing/egress_reverse_proxy.go:70.2,70.35 1 1003
code.cloudfoundry.org/log-cache/internal/routing/egress_reverse_proxy.go:73.121,75.16 2 1003
code.cloudfoundry.org/log-cache/internal/routing/egress_reverse_proxy.go:75.16,77.3 1 0
code.cloudfoundry.org/log-cache/internal/routing/egress_reverse_proxy.go:78.2,79.43 2 1003
code.cloudfoundry.org/log-cache/internal/routing/egress_reverse_proxy.go:79.43,85.3 1 1
code.cloudfoundry.org/log-cache/internal/routing/egress_reverse_proxy.go:86.2,86.22 1 1002
code.cloudfoundry.org/log-cache/internal/routing/egress_reverse_proxy.go:90.104,91.18 1 15
code.cloudfoundry.org/log-cache/internal/routing/egress_reverse_proxy.go:91.18,93.3 1 3
code.cloudfoundry.org/log-cache/internal/routing/egress_reverse_proxy.go:94.2,94.30 1 12
code.cloudfoundry.org/log-cache/internal/routing/egress_reverse_proxy.go:97.109,99.22 2 3
code.cloudfoundry.org/log-cache/internal/routing/egress_reverse_proxy.go:99.22,101.3 1 0
code.cloudfoundry.org/log-cache/internal/routing/egress_reverse_proxy.go:103.2,104.16 2 3
code.cloudfoundry.org/log-cache/internal/routing/egress_reverse_proxy.go:104.16,106.3 1 0
code.cloudfoundry.org/log-cache/internal/routing/egress_reverse_proxy.go:108.2,114.22 2 3
code.cloudfoundry.org/log-cache/internal/routing/egress_reverse_proxy.go:117.110,119.22 2 12
code.cloudfoundry.org/log-cache/internal/routing/egress_reverse_proxy.go:119.22,121.3 1 5
code.cloudfoundry.org/log-cache/internal/routing/egress_reverse_proxy.go:124.2,133.30 4 7
code.cloudfoundry.org/log-cache/internal/routing/egress_reverse_proxy.go:133.30,135.17 2 21
code.cloudfoundry.org/log-cache/internal/routing/egress_reverse_proxy.go:135.17,139.12 3 4
code.cloudfoundry.org/log-cache/internal/routing/egress_reverse_proxy.go:142.3,142.39 1 17
code.cloudfoundry.org/log-cache/internal/routing/egress_reverse_proxy.go:142.39,144.4 1 6
code.cloudfoundry.org/log-cache/internal/routing/egress_reverse_proxy.go:147.2,147.33 1 7
code.cloudfoundry.org/log-cache/internal/routing/egress_reverse_proxy.go:147.33,149.3 1 1
code.cloudfoundry.org/log-cache/internal/routing/egress_reverse_proxy.go:151.2,157.20 2 6
code.cloudfoundry.org/log-cache/internal/routing/egress_reverse_proxy.go:164.70,165.37 1 15
code.cloudfoundry.org/log-cache/internal/routing/egress_reverse_proxy.go:165.37,167.3 1 15
code.cloudfoundry.org/log-cache/internal/routing/egress_reverse_proxy.go:176.36,177.14 1 15
code.cloudfoundry.org/log-cache/internal/routing/egress_reverse_proxy.go:177.14,179.3 1 9
code.cloudfoundry.org/log-cache/internal/routing/egress_reverse_proxy.go:181.2,181.54 1 6
code.cloudfoundry.org/log-cache/internal/routing/ingress_reverse_proxy.go:31.24,39.2 1 5
code.cloudfoundry.org/log-cache/internal/routing/ingress_reverse_proxy.go:43.104,44.17 1 5
code.cloudfoundry.org/log-cache/internal/routing/ingress_reverse_proxy.go:44.17,46.3 1 1
code.cloudfoundry.org/log-cache/internal/routing/ingress_reverse_proxy.go:48.2,50.38 2 4
code.cloudfoundry.org/log-cache/internal/routing/ingress_reverse_proxy.go:50.38,51.44 1 9
code.cloudfoundry.org/log-cache/internal/routing/ingress_reverse_proxy.go:51.44,53.4 1 9
code.cloudfoundry.org/log-cache/internal/routing/ingress_reverse_proxy.go:56.2,56.46 1 4
code.cloudfoundry.org/log-cache/internal/routing/ingress_reverse_proxy.go:56.46,64.17 2 7
code.cloudfoundry.org/log-cache/internal/routing/ingress_reverse_proxy.go:64.17,66.12 2 1
code.cloudfoundry.org/log-cache/internal/routing/ingress_reverse_proxy.go:70.2,70.33 1 4
code.cloudfoundry.org/log-cache/internal/routing/ingress_reverse_proxy.go:77.126,79.2 1 0
code.cloudfoundry.org/log-cache/internal/routing/local_store_reader.go:39.59,43.2 1 9
code.cloudfoundry.org/log-cache/internal/routing/local_store_reader.go:46.144,47.53 1 9
code.cloudfoundry.org/log-cache/internal/routing/local_store_reader.go:47.53,49.3 1 1
code.cloudfoundry.org/log-cache/internal/routing/local_store_reader.go:51.2,51.22 1 8
code.cloudfoundry.org/log-cache/internal/routing/local_store_reader.go:51.22,53.3 1 1
code.cloudfoundry.org/log-cache/internal/routing/local_store_reader.go:55.2,55.19 1 7
code.cloudfoundry.org/log-cache/internal/routing/local_store_reader.go:55.19,57.3 1 1
code.cloudfoundry.org/log-cache/internal/routing/local_store_reader.go:59.2,59.22 1 6
code.cloudfoundry.org/log-cache/internal/routing/local_store_reader.go:59.22,61.3 1 2
code.cloudfoundry.org/log-cache/internal/routing/local_store_reader.go:63.2,63.20 1 6
code.cloudfoundry.org/log-cache/internal/routing/local_store_reader.go:63.20,65.3 1 3
code.cloudfoundry.org/log-cache/internal/routing/local_store_reader.go:67.2,69.26 3 6
code.cloudfoundry.org/log-cache/internal/routing/local_store_reader.go:69.26,71.17 2 1
code.cloudfoundry.org/log-cache/internal/routing/local_store_reader.go:71.17,73.4 1 0
code.cloudfoundry.org/log-cache/internal/routing/local_store_reader.go:76.2,77.43 2 6
code.cloudfoundry.org/log-cache/internal/routing/local_store_reader.go:77.43,78.40 1 5
code.cloudfoundry.org/log-cache/internal/routing/local_store_reader.go:78.40,80.4 1 1
code.cloudfoundry.org/log-cache/internal/routing/local_store_reader.go:82.2,97.18 3 6
code.cloudfoundry.org/log-cache/internal/routing/local_store_reader.go:100.144,104.34 3 1
code.cloudfoundry.org/log-cache/internal/routing/local_store_reader.go:104.34,111.3 1 2
code.cloudfoundry.org/log-cache/internal/routing/local_store_reader.go:113.2,115.8 1 1
code.cloudfoundry.org/log-cache/internal/routing/routing_table.go:19.85,20.28 1 4
code.cloudfoundry.org/log-cache/internal/routing/routing_table.go:20.28,22.3 1 1
code.cloudfoundry.org/log-cache/internal/routing/routing_table.go:24.2,24.42 1 3
code.cloudfoundry.org/log-cache/internal/routing/routing_table.go:24.42,26.3 1 1
code.cloudfoundry.org/log-cache/internal/routing/routing_table.go:28.2,29.29 2 2
code.cloudfoundry.org/log-cache/internal/routing/routing_table.go:29.29,31.3 1 8
code.cloudfoundry.org/log-cache/internal/routing/routing_table.go:33.2,39.15 2 2
code.cloudfoundry.org/log-cache/internal/routing/routing_table.go:44.50,50.48 4 5
code.cloudfoundry.org/log-cache/internal/routing/routing_table.go:50.48,52.3 1 9
code.cloudfoundry.org/log-cache/internal/routing/routing_table.go:53.2,53.28 1 5
code.cloudfoundry.org/log-cache/internal/routing/routing_table.go:53.28,54.49 1 0
code.cloudfoundry.org/log-cache/internal/routing/routing_table.go:54.49,56.4 1 0
code.cloudfoundry.org/log-cache/internal/routing/routing_table.go:59.2,59.15 1 5
code.cloudfoundry.org/log-cache/internal/routing/static_lookup.go:17.81,18.22 1 1
code.cloudfoundry.org/log-cache/internal/routing/static_lookup.go:18.22,20.3 1 0
code.cloudfoundry.org/log-cache/internal/routing/static_lookup.go:22.2,27.51 3 1
code.cloudfoundry.org/log-cache/internal/routing/static_lookup.go:27.51,29.3 1 4
code.cloudfoundry.org/log-cache/internal/routing/static_lookup.go:31.2,34.3 1 1
code.cloudfoundry.org/log-cache/internal/routing/static_lookup.go:39.52,43.2 3 8
