mode: atomic
code.cloudfoundry.org/log-cache/internal/syslog/server.go:53.11,61.25 2 46
code.cloudfoundry.org/log-cache/internal/syslog/server.go:61.25,63.3 1 181
code.cloudfoundry.org/log-cache/internal/syslog/server.go:65.2,74.10 3 46
code.cloudfoundry.org/log-cache/internal/syslog/server.go:77.41,78.25 1 45
code.cloudfoundry.org/log-cache/internal/syslog/server.go:78.25,80.3 1 45
code.cloudfoundry.org/log-cache/internal/syslog/server.go:83.53,84.25 1 1
code.cloudfoundry.org/log-cache/internal/syslog/server.go:84.25,86.3 1 1
code.cloudfoundry.org/log-cache/internal/syslog/server.go:89.51,90.25 1 45
code.cloudfoundry.org/log-cache/internal/syslog/server.go:90.25,93.3 2 45
code.cloudfoundry.org/log-cache/internal/syslog/server.go:96.61,97.25 1 44
code.cloudfoundry.org/log-cache/internal/syslog/server.go:97.25,99.3 1 44
code.cloudfoundry.org/log-cache/internal/syslog/server.go:102.52,103.25 1 46
code.cloudfoundry.org/log-cache/internal/syslog/server.go:103.25,105.3 1 46
code.cloudfoundry.org/log-cache/internal/syslog/server.go:108.26,111.45 3 46
code.cloudfoundry.org/log-cache/internal/syslog/server.go:111.45,114.17 3 45
code.cloudfoundry.org/log-cache/internal/syslog/server.go:114.17,116.4 1 0
code.cloudfoundry.org/log-cache/internal/syslog/server.go:117.8,119.17 2 1
code.cloudfoundry.org/log-cache/internal/syslog/server.go:119.17,121.4 1 0
code.cloudfoundry.org/log-cache/internal/syslog/server.go:123.2,129.6 5 46
code.cloudfoundry.org/log-cache/internal/syslog/server.go:129.6,131.17 2 90
code.cloudfoundry.org/log-cache/internal/syslog/server.go:131.17,134.4 2 44
code.cloudfoundry.org/log-cache/internal/syslog/server.go:135.3,135.27 1 44
code.cloudfoundry.org/log-cache/internal/syslog/server.go:139.113,140.43 1 8
code.cloudfoundry.org/log-cache/internal/syslog/server.go:140.43,141.10 1 8
code.cloudfoundry.org/log-cache/internal/syslog/server.go:142.34,143.47 1 7
code.cloudfoundry.org/log-cache/internal/syslog/server.go:144.21,145.39 1 1
code.cloudfoundry.org/log-cache/internal/syslog/server.go:150.50,159.2 4 44
code.cloudfoundry.org/log-cache/internal/syslog/server.go:161.82,162.34 1 44
code.cloudfoundry.org/log-cache/internal/syslog/server.go:162.34,165.3 2 145
code.cloudfoundry.org/log-cache/internal/syslog/server.go:168.49,170.16 2 189
code.cloudfoundry.org/log-cache/internal/syslog/server.go:170.16,172.3 1 0
code.cloudfoundry.org/log-cache/internal/syslog/server.go:175.52,176.22 1 145
code.cloudfoundry.org/log-cache/internal/syslog/server.go:176.22,180.3 3 31
code.cloudfoundry.org/log-cache/internal/syslog/server.go:182.2,183.9 2 114
code.cloudfoundry.org/log-cache/internal/syslog/server.go:183.9,186.3 2 0
code.cloudfoundry.org/log-cache/internal/syslog/server.go:188.2,189.16 2 114
code.cloudfoundry.org/log-cache/internal/syslog/server.go:189.16,193.3 3 7
code.cloudfoundry.org/log-cache/internal/syslog/server.go:195.2,197.18 2 107
code.cloudfoundry.org/log-cache/internal/syslog/server.go:200.98,202.19 2 114
code.cloudfoundry.org/log-cache/internal/syslog/server.go:202.19,204.3 1 1
code.cloudfoundry.org/log-cache/internal/syslog/server.go:206.2,208.21 3 113
code.cloudfoundry.org/log-cache/internal/syslog/server.go:208.21,210.3 1 1
code.cloudfoundry.org/log-cache/internal/syslog/server.go:212.2,219.31 2 112
code.cloudfoundry.org/log-cache/internal/syslog/server.go:219.31,220.53 1 111
code.cloudfoundry.org/log-cache/internal/syslog/server.go:220.53,223.18 3 112
code.cloudfoundry.org/log-cache/internal/syslog/server.go:223.18,225.5 1 4
code.cloudfoundry.org/log-cache/internal/syslog/server.go:229.2,229.51 1 108
code.cloudfoundry.org/log-cache/internal/syslog/server.go:229.51,231.3 1 101
code.cloudfoundry.org/log-cache/internal/syslog/server.go:233.2,233.29 1 108
code.cloudfoundry.org/log-cache/internal/syslog/server.go:233.29,235.3 1 1
code.cloudfoundry.org/log-cache/internal/syslog/server.go:237.2,237.17 1 107
code.cloudfoundry.org/log-cache/internal/syslog/server.go:240.116,249.2 2 101
code.cloudfoundry.org/log-cache/internal/syslog/server.go:251.135,252.9 1 112
code.cloudfoundry.org/log-cache/internal/syslog/server.go:253.45,254.38 1 3
code.cloudfoundry.org/log-cache/internal/syslog/server.go:255.43,256.36 1 5
code.cloudfoundry.org/log-cache/internal/syslog/server.go:257.43,258.36 1 1
code.cloudfoundry.org/log-cache/internal/syslog/server.go:259.43,260.36 1 1
code.cloudfoundry.org/log-cache/internal/syslog/server.go:261.42,262.40 1 102
code.cloudfoundry.org/log-cache/internal/syslog/server.go:263.10,264.100 1 0
code.cloudfoundry.org/log-cache/internal/syslog/server.go:268.106,270.16 2 1
code.cloudfoundry.org/log-cache/internal/syslog/server.go:270.16,272.3 1 0
code.cloudfoundry.org/log-cache/internal/syslog/server.go:274.2,275.16 2 1
code.cloudfoundry.org/log-cache/internal/syslog/server.go:275.16,277.3 1 0
code.cloudfoundry.org/log-cache/internal/syslog/server.go:279.2,287.17 2 1
code.cloudfoundry.org/log-cache/internal/syslog/server.go:290.106,299.2 2 1
code.cloudfoundry.org/log-cache/internal/syslog/server.go:301.108,303.16 2 3
code.cloudfoundry.org/log-cache/internal/syslog/server.go:303.16,305.3 1 1
code.cloudfoundry.org/log-cache/internal/syslog/server.go:306.2,307.16 2 2
code.cloudfoundry.org/log-cache/internal/syslog/server.go:307.16,309.3 1 1
code.cloudfoundry.org/log-cache/internal/syslog/server.go:310.2,317.17 2 1
code.cloudfoundry.org/log-cache/internal/syslog/server.go:320.106,322.9 2 5
code.cloudfoundry.org/log-cache/internal/syslog/server.go:322.9,324.3 1 1
code.cloudfoundry.org/log-cache/internal/syslog/server.go:325.2,326.16 2 4
code.cloudfoundry.org/log-cache/internal/syslog/server.go:326.16,328.3 1 1
code.cloudfoundry.org/log-cache/internal/syslog/server.go:329.2,339.17 2 3
code.cloudfoundry.org/log-cache/internal/syslog/server.go:342.96,343.21 1 102
code.cloudfoundry.org/log-cache/internal/syslog/server.go:343.21,345.3 1 0
code.cloudfoundry.org/log-cache/internal/syslog/server.go:346.2,346.24 1 102
code.cloudfoundry.org/log-cache/internal/syslog/server.go:346.24,348.3 1 203
code.cloudfoundry.org/log-cache/internal/syslog/server.go:350.2,350.12 1 102
code.cloudfoundry.org/log-cache/internal/syslog/server.go:353.73,354.20 1 101
code.cloudfoundry.org/log-cache/internal/syslog/server.go:354.20,356.3 1 0
code.cloudfoundry.org/log-cache/internal/syslog/server.go:358.2,358.31 1 101
code.cloudfoundry.org/log-cache/internal/syslog/server.go:361.55,367.2 3 113
code.cloudfoundry.org/log-cache/internal/syslog/server.go:369.32,373.37 3 134
code.cloudfoundry.org/log-cache/internal/syslog/server.go:373.37,375.3 1 90
code.cloudfoundry.org/log-cache/internal/syslog/server.go:376.2,376.11 1 44
code.cloudfoundry.org/log-cache/internal/syslog/server.go:379.25,383.16 3 89
code.cloudfoundry.org/log-cache/internal/syslog/server.go:383.16,386.3 2 44
code.cloudfoundry.org/log-cache/internal/syslog/server.go:389.47,392.28 3 45
code.cloudfoundry.org/log-cache/internal/syslog/server.go:392.28,399.17 2 45
code.cloudfoundry.org/log-cache/internal/syslog/server.go:399.17,401.4 1 0
code.cloudfoundry.org/log-cache/internal/syslog/server.go:402.8,407.17 2 0
code.cloudfoundry.org/log-cache/internal/syslog/server.go:407.17,409.4 1 0
code.cloudfoundry.org/log-cache/internal/syslog/server.go:412.2,412.18 1 45
