mode: atomic
code.cloudfoundry.org/log-cache/internal/cache/log_cache.go:61.75,75.25 2 35
code.cloudfoundry.org/log-cache/internal/cache/log_cache.go:75.25,77.3 1 104
code.cloudfoundry.org/log-cache/internal/cache/log_cache.go:79.2,79.31 1 35
code.cloudfoundry.org/log-cache/internal/cache/log_cache.go:79.31,81.3 1 0
code.cloudfoundry.org/log-cache/internal/cache/log_cache.go:83.2,83.14 1 35
code.cloudfoundry.org/log-cache/internal/cache/log_cache.go:92.48,93.27 1 0
code.cloudfoundry.org/log-cache/internal/cache/log_cache.go:93.27,95.3 1 0
code.cloudfoundry.org/log-cache/internal/cache/log_cache.go:100.68,101.27 1 0
code.cloudfoundry.org/log-cache/internal/cache/log_cache.go:101.27,103.3 1 0
code.cloudfoundry.org/log-cache/internal/cache/log_cache.go:110.62,111.27 1 0
code.cloudfoundry.org/log-cache/internal/cache/log_cache.go:111.27,113.3 1 0
code.cloudfoundry.org/log-cache/internal/cache/log_cache.go:118.43,119.27 1 35
code.cloudfoundry.org/log-cache/internal/cache/log_cache.go:119.27,121.3 1 35
code.cloudfoundry.org/log-cache/internal/cache/log_cache.go:126.63,127.27 1 33
code.cloudfoundry.org/log-cache/internal/cache/log_cache.go:127.27,129.3 1 33
code.cloudfoundry.org/log-cache/internal/cache/log_cache.go:134.67,135.27 1 0
code.cloudfoundry.org/log-cache/internal/cache/log_cache.go:135.27,137.3 1 0
code.cloudfoundry.org/log-cache/internal/cache/log_cache.go:142.57,143.27 1 1
code.cloudfoundry.org/log-cache/internal/cache/log_cache.go:143.27,145.3 1 1
code.cloudfoundry.org/log-cache/internal/cache/log_cache.go:151.66,152.27 1 0
code.cloudfoundry.org/log-cache/internal/cache/log_cache.go:152.27,154.3 1 0
code.cloudfoundry.org/log-cache/internal/cache/log_cache.go:163.95,164.27 1 35
code.cloudfoundry.org/log-cache/internal/cache/log_cache.go:164.27,168.3 3 35
code.cloudfoundry.org/log-cache/internal/cache/log_cache.go:173.28,175.24 2 35
code.cloudfoundry.org/log-cache/internal/cache/log_cache.go:175.24,177.3 1 1
code.cloudfoundry.org/log-cache/internal/cache/log_cache.go:177.8,179.3 1 34
code.cloudfoundry.org/log-cache/internal/cache/log_cache.go:180.2,182.23 3 35
code.cloudfoundry.org/log-cache/internal/cache/log_cache.go:186.34,190.2 3 35
code.cloudfoundry.org/log-cache/internal/cache/log_cache.go:192.49,195.16 2 35
code.cloudfoundry.org/log-cache/internal/cache/log_cache.go:195.16,197.3 1 0
code.cloudfoundry.org/log-cache/internal/cache/log_cache.go:198.2,201.21 3 35
code.cloudfoundry.org/log-cache/internal/cache/log_cache.go:201.21,203.3 1 35
code.cloudfoundry.org/log-cache/internal/cache/log_cache.go:205.2,206.16 2 35
code.cloudfoundry.org/log-cache/internal/cache/log_cache.go:206.16,208.3 1 0
code.cloudfoundry.org/log-cache/internal/cache/log_cache.go:210.2,219.35 3 35
code.cloudfoundry.org/log-cache/internal/cache/log_cache.go:219.35,220.23 1 70
code.cloudfoundry.org/log-cache/internal/cache/log_cache.go:220.23,222.18 2 35
code.cloudfoundry.org/log-cache/internal/cache/log_cache.go:222.18,224.13 2 0
code.cloudfoundry.org/log-cache/internal/cache/log_cache.go:227.4,247.12 4 35
code.cloudfoundry.org/log-cache/internal/cache/log_cache.go:250.3,251.183 2 35
code.cloudfoundry.org/log-cache/internal/cache/log_cache.go:251.183,252.50 1 8
code.cloudfoundry.org/log-cache/internal/cache/log_cache.go:252.50,254.5 1 17
code.cloudfoundry.org/log-cache/internal/cache/log_cache.go:256.4,256.43 1 8
code.cloudfoundry.org/log-cache/internal/cache/log_cache.go:258.3,258.45 1 35
code.cloudfoundry.org/log-cache/internal/cache/log_cache.go:261.2,274.12 5 35
code.cloudfoundry.org/log-cache/internal/cache/log_cache.go:274.12,278.82 4 35
code.cloudfoundry.org/log-cache/internal/cache/log_cache.go:278.82,280.4 1 0
code.cloudfoundry.org/log-cache/internal/cache/log_cache.go:286.34,288.2 1 109
code.cloudfoundry.org/log-cache/internal/cache/memory_analyzer.go:28.51,46.2 1 34
code.cloudfoundry.org/log-cache/internal/cache/memory_analyzer.go:49.61,71.2 13 33
code.cloudfoundry.org/log-cache/internal/cache/memory_analyzer.go:86.77,100.2 1 1
code.cloudfoundry.org/log-cache/internal/cache/memory_analyzer.go:103.67,112.2 5 1
