mode: atomic
code.cloudfoundry.org/log-cache/internal/cfauthproxy/cf_auth_proxy.go:37.87,39.16 2 9
code.cloudfoundry.org/log-cache/internal/cfauthproxy/cf_auth_proxy.go:39.16,40.64 1 0
code.cloudfoundry.org/log-cache/internal/cfauthproxy/cf_auth_proxy.go:43.2,46.53 1 9
code.cloudfoundry.org/log-cache/internal/cfauthproxy/cf_auth_proxy.go:46.53,48.4 1 8
code.cloudfoundry.org/log-cache/internal/cfauthproxy/cf_auth_proxy.go:49.53,51.4 1 8
code.cloudfoundry.org/log-cache/internal/cfauthproxy/cf_auth_proxy.go:56.2,56.25 1 9
code.cloudfoundry.org/log-cache/internal/cfauthproxy/cf_auth_proxy.go:56.25,58.3 1 29
code.cloudfoundry.org/log-cache/internal/cfauthproxy/cf_auth_proxy.go:60.2,60.10 1 9
code.cloudfoundry.org/log-cache/internal/cfauthproxy/cf_auth_proxy.go:66.75,67.30 1 8
code.cloudfoundry.org/log-cache/internal/cfauthproxy/cf_auth_proxy.go:67.30,70.3 2 8
code.cloudfoundry.org/log-cache/internal/cfauthproxy/cf_auth_proxy.go:75.91,76.30 1 1
code.cloudfoundry.org/log-cache/internal/cfauthproxy/cf_auth_proxy.go:76.30,78.3 1 1
code.cloudfoundry.org/log-cache/internal/cfauthproxy/cf_auth_proxy.go:81.102,82.30 1 1
code.cloudfoundry.org/log-cache/internal/cfauthproxy/cf_auth_proxy.go:82.30,84.3 1 1
code.cloudfoundry.org/log-cache/internal/cfauthproxy/cf_auth_proxy.go:87.91,88.30 1 1
code.cloudfoundry.org/log-cache/internal/cfauthproxy/cf_auth_proxy.go:88.30,90.3 1 1
code.cloudfoundry.org/log-cache/internal/cfauthproxy/cf_auth_proxy.go:95.53,96.30 1 2
code.cloudfoundry.org/log-cache/internal/cfauthproxy/cf_auth_proxy.go:96.30,98.3 1 2
code.cloudfoundry.org/log-cache/internal/cfauthproxy/cf_auth_proxy.go:104.75,105.30 1 8
code.cloudfoundry.org/log-cache/internal/cfauthproxy/cf_auth_proxy.go:105.30,107.3 1 8
code.cloudfoundry.org/log-cache/internal/cfauthproxy/cf_auth_proxy.go:110.82,111.30 1 8
code.cloudfoundry.org/log-cache/internal/cfauthproxy/cf_auth_proxy.go:111.30,113.3 1 8
code.cloudfoundry.org/log-cache/internal/cfauthproxy/cf_auth_proxy.go:118.56,119.62 1 9
code.cloudfoundry.org/log-cache/internal/cfauthproxy/cf_auth_proxy.go:119.62,122.3 2 10
code.cloudfoundry.org/log-cache/internal/cfauthproxy/cf_auth_proxy.go:124.2,125.16 2 9
code.cloudfoundry.org/log-cache/internal/cfauthproxy/cf_auth_proxy.go:125.16,127.3 1 0
code.cloudfoundry.org/log-cache/internal/cfauthproxy/cf_auth_proxy.go:128.2,129.20 2 9
code.cloudfoundry.org/log-cache/internal/cfauthproxy/cf_auth_proxy.go:129.20,134.17 2 7
code.cloudfoundry.org/log-cache/internal/cfauthproxy/cf_auth_proxy.go:134.17,137.4 2 0
code.cloudfoundry.org/log-cache/internal/cfauthproxy/cf_auth_proxy.go:139.2,150.19 6 9
code.cloudfoundry.org/log-cache/internal/cfauthproxy/cf_auth_proxy.go:150.19,152.3 1 2
code.cloudfoundry.org/log-cache/internal/cfauthproxy/cf_auth_proxy.go:152.8,154.3 1 7
code.cloudfoundry.org/log-cache/internal/cfauthproxy/cf_auth_proxy.go:158.37,162.17 3 125
code.cloudfoundry.org/log-cache/internal/cfauthproxy/cf_auth_proxy.go:162.17,164.3 1 18
code.cloudfoundry.org/log-cache/internal/cfauthproxy/cf_auth_proxy.go:165.2,165.11 1 107
code.cloudfoundry.org/log-cache/internal/cfauthproxy/cf_auth_proxy.go:168.61,171.30 2 9
code.cloudfoundry.org/log-cache/internal/cfauthproxy/cf_auth_proxy.go:171.30,173.3 1 8
code.cloudfoundry.org/log-cache/internal/cfauthproxy/cf_auth_proxy.go:175.2,175.14 1 9
code.cloudfoundry.org/log-cache/internal/cfauthproxy/cf_auth_proxy.go:178.76,197.2 1 8
