mode: atomic
code.cloudfoundry.org/log-cache/internal/promql/parsing.go:12.53,13.60 1 22
code.cloudfoundry.org/log-cache/internal/promql/parsing.go:13.60,15.95 2 3
code.cloudfoundry.org/log-cache/internal/promql/parsing.go:15.95,17.4 1 1
code.cloudfoundry.org/log-cache/internal/promql/parsing.go:18.3,18.47 1 2
code.cloudfoundry.org/log-cache/internal/promql/parsing.go:20.2,20.51 1 19
code.cloudfoundry.org/log-cache/internal/promql/parsing.go:20.51,22.3 1 17
code.cloudfoundry.org/log-cache/internal/promql/parsing.go:23.2,23.64 1 2
code.cloudfoundry.org/log-cache/internal/promql/parsing.go:26.57,28.16 2 30
code.cloudfoundry.org/log-cache/internal/promql/parsing.go:28.16,30.3 1 7
code.cloudfoundry.org/log-cache/internal/promql/parsing.go:32.2,32.37 1 23
code.cloudfoundry.org/log-cache/internal/promql/parsing.go:35.49,36.67 1 32
code.cloudfoundry.org/log-cache/internal/promql/parsing.go:36.67,38.3 1 22
code.cloudfoundry.org/log-cache/internal/promql/parsing.go:39.2,39.63 1 10
code.cloudfoundry.org/log-cache/internal/promql/parsing.go:39.63,41.3 1 4
code.cloudfoundry.org/log-cache/internal/promql/parsing.go:42.2,42.99 1 6
code.cloudfoundry.org/log-cache/internal/promql/promql.go:49.11,74.2 2 39
code.cloudfoundry.org/log-cache/internal/promql/promql.go:76.145,87.23 3 17
code.cloudfoundry.org/log-cache/internal/promql/promql.go:87.23,87.41 1 2
code.cloudfoundry.org/log-cache/internal/promql/promql.go:89.2,97.20 4 17
code.cloudfoundry.org/log-cache/internal/promql/promql.go:97.20,99.3 1 13
code.cloudfoundry.org/log-cache/internal/promql/promql.go:99.8,101.17 2 4
code.cloudfoundry.org/log-cache/internal/promql/promql.go:101.17,103.4 1 1
code.cloudfoundry.org/log-cache/internal/promql/promql.go:106.2,107.16 2 16
code.cloudfoundry.org/log-cache/internal/promql/promql.go:107.16,109.3 1 1
code.cloudfoundry.org/log-cache/internal/promql/promql.go:111.2,115.23 4 15
code.cloudfoundry.org/log-cache/internal/promql/promql.go:115.23,118.3 2 2
code.cloudfoundry.org/log-cache/internal/promql/promql.go:120.2,120.34 1 13
code.cloudfoundry.org/log-cache/internal/promql/promql.go:123.105,124.18 1 13
code.cloudfoundry.org/log-cache/internal/promql/promql.go:124.18,126.3 1 1
code.cloudfoundry.org/log-cache/internal/promql/promql.go:128.2,128.24 1 12
code.cloudfoundry.org/log-cache/internal/promql/promql.go:129.30,138.9 2 1
code.cloudfoundry.org/log-cache/internal/promql/promql.go:140.30,142.45 2 10
code.cloudfoundry.org/log-cache/internal/promql/promql.go:142.45,144.31 2 12
code.cloudfoundry.org/log-cache/internal/promql/promql.go:144.31,146.5 1 25
code.cloudfoundry.org/log-cache/internal/promql/promql.go:147.4,153.6 1 12
code.cloudfoundry.org/log-cache/internal/promql/promql.go:156.3,162.9 1 10
code.cloudfoundry.org/log-cache/internal/promql/promql.go:164.30,166.45 2 1
code.cloudfoundry.org/log-cache/internal/promql/promql.go:166.45,168.31 2 1
code.cloudfoundry.org/log-cache/internal/promql/promql.go:168.31,170.5 1 4
code.cloudfoundry.org/log-cache/internal/promql/promql.go:171.4,172.31 2 1
code.cloudfoundry.org/log-cache/internal/promql/promql.go:172.31,177.5 1 1
code.cloudfoundry.org/log-cache/internal/promql/promql.go:179.4,182.6 1 1
code.cloudfoundry.org/log-cache/internal/promql/promql.go:185.3,191.9 1 1
code.cloudfoundry.org/log-cache/internal/promql/promql.go:193.10,195.18 2 0
code.cloudfoundry.org/log-cache/internal/promql/promql.go:199.139,210.23 3 11
code.cloudfoundry.org/log-cache/internal/promql/promql.go:210.23,210.41 1 2
code.cloudfoundry.org/log-cache/internal/promql/promql.go:212.2,219.16 3 11
code.cloudfoundry.org/log-cache/internal/promql/promql.go:219.16,221.3 1 0
code.cloudfoundry.org/log-cache/internal/promql/promql.go:224.2,225.16 2 11
code.cloudfoundry.org/log-cache/internal/promql/promql.go:225.16,227.3 1 1
code.cloudfoundry.org/log-cache/internal/promql/promql.go:229.2,230.16 2 10
code.cloudfoundry.org/log-cache/internal/promql/promql.go:230.16,232.3 1 1
code.cloudfoundry.org/log-cache/internal/promql/promql.go:234.2,235.16 2 9
code.cloudfoundry.org/log-cache/internal/promql/promql.go:235.16,237.3 1 2
code.cloudfoundry.org/log-cache/internal/promql/promql.go:239.2,243.23 4 7
code.cloudfoundry.org/log-cache/internal/promql/promql.go:243.23,246.3 2 2
code.cloudfoundry.org/log-cache/internal/promql/promql.go:248.2,248.32 1 5
code.cloudfoundry.org/log-cache/internal/promql/promql.go:251.101,252.18 1 5
code.cloudfoundry.org/log-cache/internal/promql/promql.go:252.18,254.3 1 0
code.cloudfoundry.org/log-cache/internal/promql/promql.go:256.2,256.24 1 5
code.cloudfoundry.org/log-cache/internal/promql/promql.go:257.30,259.45 2 5
code.cloudfoundry.org/log-cache/internal/promql/promql.go:259.45,261.31 2 4
code.cloudfoundry.org/log-cache/internal/promql/promql.go:261.31,263.5 1 12
code.cloudfoundry.org/log-cache/internal/promql/promql.go:264.4,265.31 2 4
code.cloudfoundry.org/log-cache/internal/promql/promql.go:265.31,270.5 1 23
code.cloudfoundry.org/log-cache/internal/promql/promql.go:272.4,275.6 1 4
code.cloudfoundry.org/log-cache/internal/promql/promql.go:278.3,284.9 1 5
code.cloudfoundry.org/log-cache/internal/promql/promql.go:286.10,288.18 2 0
code.cloudfoundry.org/log-cache/internal/promql/promql.go:299.107,309.2 1 21
code.cloudfoundry.org/log-cache/internal/promql/promql.go:321.132,327.23 3 27
code.cloudfoundry.org/log-cache/internal/promql/promql.go:327.23,328.27 1 53
code.cloudfoundry.org/log-cache/internal/promql/promql.go:328.27,330.12 2 27
code.cloudfoundry.org/log-cache/internal/promql/promql.go:332.3,332.28 1 26
code.cloudfoundry.org/log-cache/internal/promql/promql.go:332.28,334.12 2 25
code.cloudfoundry.org/log-cache/internal/promql/promql.go:336.3,339.5 1 1
code.cloudfoundry.org/log-cache/internal/promql/promql.go:342.2,342.25 1 27
code.cloudfoundry.org/log-cache/internal/promql/promql.go:342.25,346.3 3 2
code.cloudfoundry.org/log-cache/internal/promql/promql.go:348.2,350.34 2 25
code.cloudfoundry.org/log-cache/internal/promql/promql.go:350.34,364.17 4 26
code.cloudfoundry.org/log-cache/internal/promql/promql.go:364.17,367.4 2 2
code.cloudfoundry.org/log-cache/internal/promql/promql.go:369.3,369.61 1 24
code.cloudfoundry.org/log-cache/internal/promql/promql.go:369.61,370.37 1 42
code.cloudfoundry.org/log-cache/internal/promql/promql.go:370.37,371.13 1 1
code.cloudfoundry.org/log-cache/internal/promql/promql.go:374.4,375.28 2 41
code.cloudfoundry.org/log-cache/internal/promql/promql.go:376.42,377.63 1 8
code.cloudfoundry.org/log-cache/internal/promql/promql.go:377.63,378.14 1 1
code.cloudfoundry.org/log-cache/internal/promql/promql.go:381.5,381.43 1 7
code.cloudfoundry.org/log-cache/internal/promql/promql.go:382.40,385.21 2 26
code.cloudfoundry.org/log-cache/internal/promql/promql.go:385.21,386.14 1 1
code.cloudfoundry.org/log-cache/internal/promql/promql.go:389.5,389.25 1 25
code.cloudfoundry.org/log-cache/internal/promql/promql.go:390.40,391.61 1 5
code.cloudfoundry.org/log-cache/internal/promql/promql.go:391.61,392.14 1 1
code.cloudfoundry.org/log-cache/internal/promql/promql.go:395.5,396.52 2 4
code.cloudfoundry.org/log-cache/internal/promql/promql.go:397.12,398.13 1 2
code.cloudfoundry.org/log-cache/internal/promql/promql.go:401.4,404.19 3 36
code.cloudfoundry.org/log-cache/internal/promql/promql.go:404.19,406.5 1 2
code.cloudfoundry.org/log-cache/internal/promql/promql.go:408.4,409.26 2 36
code.cloudfoundry.org/log-cache/internal/promql/promql.go:409.26,411.5 1 1
code.cloudfoundry.org/log-cache/internal/promql/promql.go:413.4,416.6 1 36
code.cloudfoundry.org/log-cache/internal/promql/promql.go:420.2,420.43 1 23
code.cloudfoundry.org/log-cache/internal/promql/promql.go:423.108,425.31 2 26
code.cloudfoundry.org/log-cache/internal/promql/promql.go:425.31,426.38 1 26
code.cloudfoundry.org/log-cache/internal/promql/promql.go:426.38,428.4 1 25
code.cloudfoundry.org/log-cache/internal/promql/promql.go:430.2,430.12 1 1
code.cloudfoundry.org/log-cache/internal/promql/promql.go:433.45,440.2 2 50
code.cloudfoundry.org/log-cache/internal/promql/promql.go:442.61,444.25 2 22
code.cloudfoundry.org/log-cache/internal/promql/promql.go:444.25,449.3 1 60
code.cloudfoundry.org/log-cache/internal/promql/promql.go:450.2,450.11 1 22
code.cloudfoundry.org/log-cache/internal/promql/promql.go:453.85,454.23 1 42
code.cloudfoundry.org/log-cache/internal/promql/promql.go:454.23,455.49 1 3
code.cloudfoundry.org/log-cache/internal/promql/promql.go:455.49,457.4 1 1
code.cloudfoundry.org/log-cache/internal/promql/promql.go:460.2,460.13 1 41
code.cloudfoundry.org/log-cache/internal/promql/promql.go:463.88,464.26 1 0
code.cloudfoundry.org/log-cache/internal/promql/promql.go:467.76,468.26 1 0
code.cloudfoundry.org/log-cache/internal/promql/promql.go:471.41,473.2 1 21
code.cloudfoundry.org/log-cache/internal/promql/promql.go:481.41,484.2 2 43
code.cloudfoundry.org/log-cache/internal/promql/promql.go:486.49,488.2 1 22
code.cloudfoundry.org/log-cache/internal/promql/promql.go:490.41,492.2 1 21
code.cloudfoundry.org/log-cache/internal/promql/promql.go:505.49,507.2 1 23
code.cloudfoundry.org/log-cache/internal/promql/promql.go:509.60,511.2 1 22
code.cloudfoundry.org/log-cache/internal/promql/promql.go:519.80,524.2 1 22
code.cloudfoundry.org/log-cache/internal/promql/promql.go:527.53,528.61 1 22
code.cloudfoundry.org/log-cache/internal/promql/promql.go:528.61,530.3 1 28
code.cloudfoundry.org/log-cache/internal/promql/promql.go:531.2,531.37 1 22
code.cloudfoundry.org/log-cache/internal/promql/promql.go:535.60,539.2 2 85
code.cloudfoundry.org/log-cache/internal/promql/promql.go:542.46,545.2 2 47
code.cloudfoundry.org/log-cache/internal/promql/promql.go:548.46,550.2 1 17
code.cloudfoundry.org/log-cache/internal/promql/promql.go:557.43,561.2 1 25
code.cloudfoundry.org/log-cache/internal/promql/promql.go:567.65,571.9 3 36
code.cloudfoundry.org/log-cache/internal/promql/promql.go:571.9,578.3 2 22
code.cloudfoundry.org/log-cache/internal/promql/promql.go:580.2,581.22 2 36
code.cloudfoundry.org/log-cache/internal/promql/promql.go:584.71,586.22 2 36
code.cloudfoundry.org/log-cache/internal/promql/promql.go:586.22,588.3 1 102
code.cloudfoundry.org/log-cache/internal/promql/promql.go:590.2,593.25 3 36
code.cloudfoundry.org/log-cache/internal/promql/promql.go:593.25,595.3 1 102
code.cloudfoundry.org/log-cache/internal/promql/promql.go:597.2,597.17 1 36
code.cloudfoundry.org/log-cache/internal/promql/promql.go:600.63,605.27 2 23
code.cloudfoundry.org/log-cache/internal/promql/promql.go:605.27,610.3 1 22
code.cloudfoundry.org/log-cache/internal/promql/promql.go:612.2,612.12 1 23
code.cloudfoundry.org/log-cache/internal/promql/promql.go:616.55,618.16 2 4
code.cloudfoundry.org/log-cache/internal/promql/promql.go:618.16,620.3 1 1
code.cloudfoundry.org/log-cache/internal/promql/promql.go:622.2,629.16 3 3
code.cloudfoundry.org/log-cache/internal/promql/promql.go:629.16,631.3 1 0
code.cloudfoundry.org/log-cache/internal/promql/promql.go:633.2,635.42 2 3
code.cloudfoundry.org/log-cache/internal/promql/promql.go:635.42,637.3 1 5
code.cloudfoundry.org/log-cache/internal/promql/promql.go:639.2,639.23 1 3
code.cloudfoundry.org/log-cache/internal/promql/promql.go:646.44,650.2 1 3
code.cloudfoundry.org/log-cache/internal/promql/promql.go:652.92,653.17 1 14
code.cloudfoundry.org/log-cache/internal/promql/promql.go:653.17,655.3 1 7
code.cloudfoundry.org/log-cache/internal/promql/promql.go:657.2,657.33 1 7
code.cloudfoundry.org/log-cache/internal/promql/promql.go:658.30,659.53 1 3
code.cloudfoundry.org/log-cache/internal/promql/promql.go:660.30,661.53 1 1
code.cloudfoundry.org/log-cache/internal/promql/promql.go:664.2,664.15 1 7
code.cloudfoundry.org/log-cache/internal/promql/promql.go:667.85,668.45 1 4
code.cloudfoundry.org/log-cache/internal/promql/promql.go:668.45,669.39 1 8
code.cloudfoundry.org/log-cache/internal/promql/promql.go:669.39,671.4 1 4
code.cloudfoundry.org/log-cache/internal/promql/promql.go:675.96,676.27 1 29
code.cloudfoundry.org/log-cache/internal/promql/promql.go:677.26,679.52 2 2
code.cloudfoundry.org/log-cache/internal/promql/promql.go:679.52,681.4 1 4
code.cloudfoundry.org/log-cache/internal/promql/promql.go:682.25,683.45 1 27
code.cloudfoundry.org/log-cache/internal/promql/promql.go:687.96,689.16 2 6
code.cloudfoundry.org/log-cache/internal/promql/promql.go:689.16,691.3 1 1
code.cloudfoundry.org/log-cache/internal/promql/promql.go:693.2,700.16 3 5
code.cloudfoundry.org/log-cache/internal/promql/promql.go:700.16,702.3 1 0
code.cloudfoundry.org/log-cache/internal/promql/promql.go:704.2,704.27 1 5
code.cloudfoundry.org/log-cache/internal/promql/promql.go:711.98,715.2 1 5
code.cloudfoundry.org/log-cache/internal/promql/promql.go:717.103,718.17 1 34
code.cloudfoundry.org/log-cache/internal/promql/promql.go:718.17,720.3 1 17
code.cloudfoundry.org/log-cache/internal/promql/promql.go:722.2,722.33 1 17
code.cloudfoundry.org/log-cache/internal/promql/promql.go:723.30,724.46 1 5
code.cloudfoundry.org/log-cache/internal/promql/promql.go:725.30,726.46 1 3
code.cloudfoundry.org/log-cache/internal/promql/promql.go:729.2,729.15 1 17
code.cloudfoundry.org/log-cache/internal/promql/promql.go:732.89,733.45 1 8
code.cloudfoundry.org/log-cache/internal/promql/promql.go:733.45,734.39 1 16
code.cloudfoundry.org/log-cache/internal/promql/promql.go:734.39,735.29 1 8
code.cloudfoundry.org/log-cache/internal/promql/promql.go:736.27,737.51 1 7
code.cloudfoundry.org/log-cache/internal/promql/promql.go:738.28,739.52 1 1
code.cloudfoundry.org/log-cache/internal/promql/promql.go:745.99,748.8 2 7
code.cloudfoundry.org/log-cache/internal/promql/promql.go:748.8,749.26 1 2
code.cloudfoundry.org/log-cache/internal/promql/promql.go:749.26,751.4 1 1
code.cloudfoundry.org/log-cache/internal/promql/promql.go:751.9,753.4 1 1
code.cloudfoundry.org/log-cache/internal/promql/promql.go:754.3,754.53 1 2
code.cloudfoundry.org/log-cache/internal/promql/promql.go:758.100,763.45 3 1
code.cloudfoundry.org/log-cache/internal/promql/promql.go:763.45,766.3 2 2
code.cloudfoundry.org/log-cache/internal/promql/promql.go:768.2,768.25 1 1
code.cloudfoundry.org/log-cache/internal/promql/promql.go:768.25,770.3 1 0
code.cloudfoundry.org/log-cache/internal/promql/promql.go:770.8,772.3 1 1
code.cloudfoundry.org/log-cache/internal/promql/promql.go:773.2,773.52 1 1
code.cloudfoundry.org/log-cache/internal/promql/promql.go:776.50,778.2 1 37
code.cloudfoundry.org/log-cache/internal/promql/unimplemented_middleware.go:8.59,9.71 1 3
code.cloudfoundry.org/log-cache/internal/promql/unimplemented_middleware.go:9.71,10.53 1 3
code.cloudfoundry.org/log-cache/internal/promql/unimplemented_middleware.go:10.53,20.4 3 2
code.cloudfoundry.org/log-cache/internal/promql/unimplemented_middleware.go:21.3,21.20 1 1
