mode: atomic
code.cloudfoundry.org/log-cache/internal/auth/access_log.go:36.82,43.2 1 11
code.cloudfoundry.org/log-cache/internal/auth/access_log.go:45.38,48.35 3 11
code.cloudfoundry.org/log-cache/internal/auth/access_log.go:48.35,50.3 1 4
code.cloudfoundry.org/log-cache/internal/auth/access_log.go:51.2,65.16 5 11
code.cloudfoundry.org/log-cache/internal/auth/access_log.go:65.16,68.3 2 0
code.cloudfoundry.org/log-cache/internal/auth/access_log.go:69.2,69.21 1 11
code.cloudfoundry.org/log-cache/internal/auth/access_log.go:72.59,75.16 3 11
code.cloudfoundry.org/log-cache/internal/auth/access_log.go:75.16,77.3 1 1
code.cloudfoundry.org/log-cache/internal/auth/access_log.go:79.2,79.22 1 11
code.cloudfoundry.org/log-cache/internal/auth/access_log.go:79.22,81.3 1 5
code.cloudfoundry.org/log-cache/internal/auth/access_log.go:83.2,83.40 1 11
code.cloudfoundry.org/log-cache/internal/auth/access_log.go:83.40,85.3 1 5
code.cloudfoundry.org/log-cache/internal/auth/access_log.go:86.2,87.16 2 11
code.cloudfoundry.org/log-cache/internal/auth/access_log.go:87.16,90.3 2 0
code.cloudfoundry.org/log-cache/internal/auth/access_log.go:91.2,91.19 1 11
code.cloudfoundry.org/log-cache/internal/auth/access_log.go:94.42,96.2 1 11
code.cloudfoundry.org/log-cache/internal/auth/access_log.go:98.13,125.16 6 1
code.cloudfoundry.org/log-cache/internal/auth/access_log.go:125.16,127.3 1 0
code.cloudfoundry.org/log-cache/internal/auth/access_logger.go:13.61,17.2 1 6
code.cloudfoundry.org/log-cache/internal/auth/access_logger.go:19.85,23.2 3 6
code.cloudfoundry.org/log-cache/internal/auth/access_logger.go:28.46,30.2 1 0
code.cloudfoundry.org/log-cache/internal/auth/access_logger.go:32.82,34.2 1 0
code.cloudfoundry.org/log-cache/internal/auth/access_middleware.go:8.106,9.51 1 1
code.cloudfoundry.org/log-cache/internal/auth/access_middleware.go:9.51,11.3 1 1
code.cloudfoundry.org/log-cache/internal/auth/access_middleware.go:14.66,15.51 1 0
code.cloudfoundry.org/log-cache/internal/auth/access_middleware.go:15.51,20.3 1 0
code.cloudfoundry.org/log-cache/internal/auth/access_middleware.go:34.106,41.2 1 1
code.cloudfoundry.org/log-cache/internal/auth/access_middleware.go:43.78,44.70 1 1
code.cloudfoundry.org/log-cache/internal/auth/access_middleware.go:44.70,46.3 1 0
code.cloudfoundry.org/log-cache/internal/auth/access_middleware.go:48.2,48.30 1 1
code.cloudfoundry.org/log-cache/internal/auth/capi_client.go:35.15,37.16 2 29
code.cloudfoundry.org/log-cache/internal/auth/capi_client.go:37.16,39.3 1 0
code.cloudfoundry.org/log-cache/internal/auth/capi_client.go:41.2,67.27 3 29
code.cloudfoundry.org/log-cache/internal/auth/capi_client.go:67.27,69.3 1 4
code.cloudfoundry.org/log-cache/internal/auth/capi_client.go:71.2,73.10 2 29
code.cloudfoundry.org/log-cache/internal/auth/capi_client.go:78.69,79.29 1 4
code.cloudfoundry.org/log-cache/internal/auth/capi_client.go:79.29,81.3 1 4
code.cloudfoundry.org/log-cache/internal/auth/capi_client.go:84.77,86.8 2 2014
code.cloudfoundry.org/log-cache/internal/auth/capi_client.go:86.8,88.3 1 7
code.cloudfoundry.org/log-cache/internal/auth/capi_client.go:90.2,90.76 1 2007
code.cloudfoundry.org/log-cache/internal/auth/capi_client.go:90.76,93.3 2 6
code.cloudfoundry.org/log-cache/internal/auth/capi_client.go:95.2,95.14 1 2001
code.cloudfoundry.org/log-cache/internal/auth/capi_client.go:98.62,100.16 2 2010
code.cloudfoundry.org/log-cache/internal/auth/capi_client.go:100.16,103.3 2 0
code.cloudfoundry.org/log-cache/internal/auth/capi_client.go:105.2,106.52 2 2010
code.cloudfoundry.org/log-cache/internal/auth/capi_client.go:106.52,108.3 1 2002
code.cloudfoundry.org/log-cache/internal/auth/capi_client.go:110.2,110.13 1 8
code.cloudfoundry.org/log-cache/internal/auth/capi_client.go:113.66,115.16 2 2004
code.cloudfoundry.org/log-cache/internal/auth/capi_client.go:115.16,118.3 2 0
code.cloudfoundry.org/log-cache/internal/auth/capi_client.go:120.2,121.52 2 2004
code.cloudfoundry.org/log-cache/internal/auth/capi_client.go:121.52,123.3 1 2002
code.cloudfoundry.org/log-cache/internal/auth/capi_client.go:125.2,125.13 1 2
code.cloudfoundry.org/log-cache/internal/auth/capi_client.go:128.99,129.24 1 9
code.cloudfoundry.org/log-cache/internal/auth/capi_client.go:129.24,131.3 1 1
code.cloudfoundry.org/log-cache/internal/auth/capi_client.go:133.2,134.16 2 8
code.cloudfoundry.org/log-cache/internal/auth/capi_client.go:134.16,137.3 2 0
code.cloudfoundry.org/log-cache/internal/auth/capi_client.go:139.2,147.16 7 8
code.cloudfoundry.org/log-cache/internal/auth/capi_client.go:147.16,150.3 2 5
code.cloudfoundry.org/log-cache/internal/auth/capi_client.go:151.2,151.37 1 3
code.cloudfoundry.org/log-cache/internal/auth/capi_client.go:151.37,153.3 1 8
code.cloudfoundry.org/log-cache/internal/auth/capi_client.go:155.2,155.17 1 3
code.cloudfoundry.org/log-cache/internal/auth/capi_client.go:158.68,160.16 2 2008
code.cloudfoundry.org/log-cache/internal/auth/capi_client.go:160.16,162.3 1 2002
code.cloudfoundry.org/log-cache/internal/auth/capi_client.go:164.2,165.16 2 6
code.cloudfoundry.org/log-cache/internal/auth/capi_client.go:165.16,167.3 1 2
code.cloudfoundry.org/log-cache/internal/auth/capi_client.go:169.2,169.38 1 4
code.cloudfoundry.org/log-cache/internal/auth/capi_client.go:172.120,175.16 3 2014
code.cloudfoundry.org/log-cache/internal/auth/capi_client.go:175.16,178.3 2 0
code.cloudfoundry.org/log-cache/internal/auth/capi_client.go:180.2,185.16 5 2014
code.cloudfoundry.org/log-cache/internal/auth/capi_client.go:185.16,188.3 2 2004
code.cloudfoundry.org/log-cache/internal/auth/capi_client.go:189.2,189.37 1 10
code.cloudfoundry.org/log-cache/internal/auth/capi_client.go:189.37,191.3 1 13
code.cloudfoundry.org/log-cache/internal/auth/capi_client.go:193.2,193.23 1 10
code.cloudfoundry.org/log-cache/internal/auth/capi_client.go:201.128,204.6 2 2022
code.cloudfoundry.org/log-cache/internal/auth/capi_client.go:204.6,206.17 2 2026
code.cloudfoundry.org/log-cache/internal/auth/capi_client.go:206.17,208.4 1 2009
code.cloudfoundry.org/log-cache/internal/auth/capi_client.go:210.3,212.25 2 17
code.cloudfoundry.org/log-cache/internal/auth/capi_client.go:212.25,213.9 1 13
code.cloudfoundry.org/log-cache/internal/auth/capi_client.go:215.3,215.24 1 4
code.cloudfoundry.org/log-cache/internal/auth/capi_client.go:218.2,218.23 1 13
code.cloudfoundry.org/log-cache/internal/auth/capi_client.go:221.129,223.16 2 2026
code.cloudfoundry.org/log-cache/internal/auth/capi_client.go:223.16,225.3 1 3
code.cloudfoundry.org/log-cache/internal/auth/capi_client.go:226.2,226.38 1 2023
code.cloudfoundry.org/log-cache/internal/auth/capi_client.go:226.38,233.3 1 2005
code.cloudfoundry.org/log-cache/internal/auth/capi_client.go:235.2,235.31 1 18
code.cloudfoundry.org/log-cache/internal/auth/capi_client.go:235.31,237.3 1 18
code.cloudfoundry.org/log-cache/internal/auth/capi_client.go:239.2,249.16 3 18
code.cloudfoundry.org/log-cache/internal/auth/capi_client.go:249.16,251.3 1 1
code.cloudfoundry.org/log-cache/internal/auth/capi_client.go:253.2,254.37 2 17
code.cloudfoundry.org/log-cache/internal/auth/capi_client.go:254.37,256.17 2 4
code.cloudfoundry.org/log-cache/internal/auth/capi_client.go:256.17,258.4 1 0
code.cloudfoundry.org/log-cache/internal/auth/capi_client.go:259.3,259.70 1 4
code.cloudfoundry.org/log-cache/internal/auth/capi_client.go:262.2,262.41 1 17
code.cloudfoundry.org/log-cache/internal/auth/capi_client.go:265.43,267.49 2 27
code.cloudfoundry.org/log-cache/internal/auth/capi_client.go:267.49,270.3 2 52
code.cloudfoundry.org/log-cache/internal/auth/capi_client.go:271.2,271.10 1 27
code.cloudfoundry.org/log-cache/internal/auth/capi_client.go:274.36,275.49 1 29
code.cloudfoundry.org/log-cache/internal/auth/capi_client.go:275.49,277.50 1 390
code.cloudfoundry.org/log-cache/internal/auth/capi_client.go:277.50,280.60 2 6
code.cloudfoundry.org/log-cache/internal/auth/capi_client.go:280.60,282.5 1 6
code.cloudfoundry.org/log-cache/internal/auth/capi_client.go:284.4,284.15 1 6
code.cloudfoundry.org/log-cache/internal/auth/capi_client.go:289.117,295.16 5 6040
code.cloudfoundry.org/log-cache/internal/auth/capi_client.go:295.16,298.3 2 3
code.cloudfoundry.org/log-cache/internal/auth/capi_client.go:300.2,300.38 1 6037
code.cloudfoundry.org/log-cache/internal/auth/capi_client.go:300.38,304.3 3 6009
code.cloudfoundry.org/log-cache/internal/auth/capi_client.go:306.2,306.18 1 28
code.cloudfoundry.org/log-cache/internal/auth/capi_client.go:309.35,310.17 1 6027
code.cloudfoundry.org/log-cache/internal/auth/capi_client.go:310.17,312.3 1 0
code.cloudfoundry.org/log-cache/internal/auth/capi_client.go:315.2,316.19 2 6027
code.cloudfoundry.org/log-cache/internal/auth/cf_auth_middleware.go:58.28,66.2 1 24
code.cloudfoundry.org/log-cache/internal/auth/cf_auth_middleware.go:74.75,76.92 2 24
code.cloudfoundry.org/log-cache/internal/auth/cf_auth_middleware.go:76.92,78.21 2 5
code.cloudfoundry.org/log-cache/internal/auth/cf_auth_middleware.go:78.21,81.4 2 0
code.cloudfoundry.org/log-cache/internal/auth/cf_auth_middleware.go:83.3,84.22 2 5
code.cloudfoundry.org/log-cache/internal/auth/cf_auth_middleware.go:84.22,87.4 2 1
code.cloudfoundry.org/log-cache/internal/auth/cf_auth_middleware.go:89.3,90.17 2 4
code.cloudfoundry.org/log-cache/internal/auth/cf_auth_middleware.go:90.17,94.4 3 0
code.cloudfoundry.org/log-cache/internal/auth/cf_auth_middleware.go:96.3,96.27 1 4
code.cloudfoundry.org/log-cache/internal/auth/cf_auth_middleware.go:96.27,97.66 1 3
code.cloudfoundry.org/log-cache/internal/auth/cf_auth_middleware.go:97.66,100.5 2 1
code.cloudfoundry.org/log-cache/internal/auth/cf_auth_middleware.go:103.3,103.20 1 3
code.cloudfoundry.org/log-cache/internal/auth/cf_auth_middleware.go:106.2,106.104 1 24
code.cloudfoundry.org/log-cache/internal/auth/cf_auth_middleware.go:106.104,108.22 2 10
code.cloudfoundry.org/log-cache/internal/auth/cf_auth_middleware.go:108.22,111.4 2 0
code.cloudfoundry.org/log-cache/internal/auth/cf_auth_middleware.go:113.3,115.17 3 10
code.cloudfoundry.org/log-cache/internal/auth/cf_auth_middleware.go:115.17,124.18 4 1
code.cloudfoundry.org/log-cache/internal/auth/cf_auth_middleware.go:124.18,126.5 1 0
code.cloudfoundry.org/log-cache/internal/auth/cf_auth_middleware.go:128.4,128.10 1 1
code.cloudfoundry.org/log-cache/internal/auth/cf_auth_middleware.go:131.3,131.26 1 9
code.cloudfoundry.org/log-cache/internal/auth/cf_auth_middleware.go:131.26,140.18 4 1
code.cloudfoundry.org/log-cache/internal/auth/cf_auth_middleware.go:140.18,142.5 1 0
code.cloudfoundry.org/log-cache/internal/auth/cf_auth_middleware.go:144.4,144.10 1 1
code.cloudfoundry.org/log-cache/internal/auth/cf_auth_middleware.go:147.3,148.17 2 8
code.cloudfoundry.org/log-cache/internal/auth/cf_auth_middleware.go:148.17,152.4 3 1
code.cloudfoundry.org/log-cache/internal/auth/cf_auth_middleware.go:154.3,155.30 2 7
code.cloudfoundry.org/log-cache/internal/auth/cf_auth_middleware.go:155.30,158.4 2 1
code.cloudfoundry.org/log-cache/internal/auth/cf_auth_middleware.go:160.3,160.38 1 6
code.cloudfoundry.org/log-cache/internal/auth/cf_auth_middleware.go:160.38,163.18 2 6
code.cloudfoundry.org/log-cache/internal/auth/cf_auth_middleware.go:163.18,166.30 2 3
code.cloudfoundry.org/log-cache/internal/auth/cf_auth_middleware.go:166.30,169.6 2 1
code.cloudfoundry.org/log-cache/internal/auth/cf_auth_middleware.go:172.4,172.44 1 5
code.cloudfoundry.org/log-cache/internal/auth/cf_auth_middleware.go:175.3,176.17 2 5
code.cloudfoundry.org/log-cache/internal/auth/cf_auth_middleware.go:176.17,180.4 3 0
code.cloudfoundry.org/log-cache/internal/auth/cf_auth_middleware.go:182.3,186.20 4 5
code.cloudfoundry.org/log-cache/internal/auth/cf_auth_middleware.go:189.2,189.81 1 24
code.cloudfoundry.org/log-cache/internal/auth/cf_auth_middleware.go:189.81,191.22 2 7
code.cloudfoundry.org/log-cache/internal/auth/cf_auth_middleware.go:191.22,194.4 2 1
code.cloudfoundry.org/log-cache/internal/auth/cf_auth_middleware.go:196.3,197.17 2 6
code.cloudfoundry.org/log-cache/internal/auth/cf_auth_middleware.go:197.17,201.4 3 1
code.cloudfoundry.org/log-cache/internal/auth/cf_auth_middleware.go:203.3,204.17 2 5
code.cloudfoundry.org/log-cache/internal/auth/cf_auth_middleware.go:204.17,208.4 3 1
code.cloudfoundry.org/log-cache/internal/auth/cf_auth_middleware.go:211.3,217.24 3 4
code.cloudfoundry.org/log-cache/internal/auth/cf_auth_middleware.go:220.2,222.15 2 24
code.cloudfoundry.org/log-cache/internal/auth/cf_auth_middleware.go:225.106,228.37 2 3
code.cloudfoundry.org/log-cache/internal/auth/cf_auth_middleware.go:228.37,229.54 1 5
code.cloudfoundry.org/log-cache/internal/auth/cf_auth_middleware.go:229.54,231.4 1 2
code.cloudfoundry.org/log-cache/internal/auth/cf_auth_middleware.go:234.2,234.28 1 3
code.cloudfoundry.org/log-cache/internal/auth/cf_auth_middleware.go:237.147,238.15 1 4
code.cloudfoundry.org/log-cache/internal/auth/cf_auth_middleware.go:238.15,240.3 1 2
code.cloudfoundry.org/log-cache/internal/auth/cf_auth_middleware.go:242.2,244.32 3 2
code.cloudfoundry.org/log-cache/internal/auth/cf_auth_middleware.go:244.32,245.28 1 2
code.cloudfoundry.org/log-cache/internal/auth/cf_auth_middleware.go:245.28,247.4 1 2
code.cloudfoundry.org/log-cache/internal/auth/cf_auth_middleware.go:250.2,250.21 1 2
code.cloudfoundry.org/log-cache/internal/auth/uaa_client.go:50.14,52.16 2 30
code.cloudfoundry.org/log-cache/internal/auth/uaa_client.go:52.16,54.3 1 0
code.cloudfoundry.org/log-cache/internal/auth/uaa_client.go:56.2,66.27 3 30
code.cloudfoundry.org/log-cache/internal/auth/uaa_client.go:66.27,68.3 1 32
code.cloudfoundry.org/log-cache/internal/auth/uaa_client.go:70.2,70.10 1 30
code.cloudfoundry.org/log-cache/internal/auth/uaa_client.go:75.67,76.28 1 31
code.cloudfoundry.org/log-cache/internal/auth/uaa_client.go:76.28,78.3 1 31
code.cloudfoundry.org/log-cache/internal/auth/uaa_client.go:81.57,82.28 1 1
code.cloudfoundry.org/log-cache/internal/auth/uaa_client.go:82.28,85.3 2 1
code.cloudfoundry.org/log-cache/internal/auth/uaa_client.go:88.46,91.47 3 48
code.cloudfoundry.org/log-cache/internal/auth/uaa_client.go:91.47,99.3 3 1
code.cloudfoundry.org/log-cache/internal/auth/uaa_client.go:100.2,103.16 3 47
code.cloudfoundry.org/log-cache/internal/auth/uaa_client.go:103.16,104.65 1 0
code.cloudfoundry.org/log-cache/internal/auth/uaa_client.go:107.2,108.22 2 47
code.cloudfoundry.org/log-cache/internal/auth/uaa_client.go:108.22,110.3 1 1
code.cloudfoundry.org/log-cache/internal/auth/uaa_client.go:112.2,113.16 2 47
code.cloudfoundry.org/log-cache/internal/auth/uaa_client.go:113.16,115.3 1 1
code.cloudfoundry.org/log-cache/internal/auth/uaa_client.go:117.2,117.38 1 46
code.cloudfoundry.org/log-cache/internal/auth/uaa_client.go:117.38,119.3 1 12
code.cloudfoundry.org/log-cache/internal/auth/uaa_client.go:120.2,123.16 3 34
code.cloudfoundry.org/log-cache/internal/auth/uaa_client.go:123.16,125.3 1 1
code.cloudfoundry.org/log-cache/internal/auth/uaa_client.go:127.2,129.61 2 33
code.cloudfoundry.org/log-cache/internal/auth/uaa_client.go:129.61,132.3 2 6
code.cloudfoundry.org/log-cache/internal/auth/uaa_client.go:134.2,134.37 1 33
code.cloudfoundry.org/log-cache/internal/auth/uaa_client.go:134.37,136.27 1 34
code.cloudfoundry.org/log-cache/internal/auth/uaa_client.go:136.27,138.4 1 1
code.cloudfoundry.org/log-cache/internal/auth/uaa_client.go:139.3,139.36 1 33
code.cloudfoundry.org/log-cache/internal/auth/uaa_client.go:139.36,142.4 2 1
code.cloudfoundry.org/log-cache/internal/auth/uaa_client.go:142.9,144.20 2 32
code.cloudfoundry.org/log-cache/internal/auth/uaa_client.go:144.20,146.5 1 2
code.cloudfoundry.org/log-cache/internal/auth/uaa_client.go:148.4,149.18 2 30
code.cloudfoundry.org/log-cache/internal/auth/uaa_client.go:149.18,151.5 1 1
code.cloudfoundry.org/log-cache/internal/auth/uaa_client.go:153.4,154.23 2 29
code.cloudfoundry.org/log-cache/internal/auth/uaa_client.go:154.23,156.5 1 0
code.cloudfoundry.org/log-cache/internal/auth/uaa_client.go:161.4,161.49 1 29
code.cloudfoundry.org/log-cache/internal/auth/uaa_client.go:165.3,165.40 1 30
code.cloudfoundry.org/log-cache/internal/auth/uaa_client.go:168.2,168.35 1 29
code.cloudfoundry.org/log-cache/internal/auth/uaa_client.go:168.35,170.3 1 1
code.cloudfoundry.org/log-cache/internal/auth/uaa_client.go:172.2,172.12 1 29
code.cloudfoundry.org/log-cache/internal/auth/uaa_client.go:179.40,181.2 1 1
code.cloudfoundry.org/log-cache/internal/auth/uaa_client.go:187.46,189.2 1 4
code.cloudfoundry.org/log-cache/internal/auth/uaa_client.go:191.69,192.17 1 37
code.cloudfoundry.org/log-cache/internal/auth/uaa_client.go:192.17,194.3 1 1
code.cloudfoundry.org/log-cache/internal/auth/uaa_client.go:196.2,196.117 1 36
code.cloudfoundry.org/log-cache/internal/auth/uaa_client.go:196.117,197.61 1 35
code.cloudfoundry.org/log-cache/internal/auth/uaa_client.go:197.61,199.4 1 1
code.cloudfoundry.org/log-cache/internal/auth/uaa_client.go:201.3,204.17 3 34
code.cloudfoundry.org/log-cache/internal/auth/uaa_client.go:204.17,206.4 1 4
code.cloudfoundry.org/log-cache/internal/auth/uaa_client.go:208.3,208.19 1 30
code.cloudfoundry.org/log-cache/internal/auth/uaa_client.go:211.2,211.16 1 36
code.cloudfoundry.org/log-cache/internal/auth/uaa_client.go:211.16,212.21 1 9
code.cloudfoundry.org/log-cache/internal/auth/uaa_client.go:213.45,213.45 0 5
code.cloudfoundry.org/log-cache/internal/auth/uaa_client.go:215.11,220.27 1 4
code.cloudfoundry.org/log-cache/internal/auth/uaa_client.go:223.3,223.86 1 9
code.cloudfoundry.org/log-cache/internal/auth/uaa_client.go:226.2,227.16 2 27
code.cloudfoundry.org/log-cache/internal/auth/uaa_client.go:227.16,229.3 1 0
code.cloudfoundry.org/log-cache/internal/auth/uaa_client.go:231.2,231.44 1 27
code.cloudfoundry.org/log-cache/internal/auth/uaa_client.go:231.44,233.3 1 1
code.cloudfoundry.org/log-cache/internal/auth/uaa_client.go:235.2,236.43 2 26
code.cloudfoundry.org/log-cache/internal/auth/uaa_client.go:236.43,237.59 1 26
code.cloudfoundry.org/log-cache/internal/auth/uaa_client.go:237.59,239.4 1 22
code.cloudfoundry.org/log-cache/internal/auth/uaa_client.go:242.2,246.8 1 26
code.cloudfoundry.org/log-cache/internal/auth/uaa_client.go:249.77,251.8 2 34
code.cloudfoundry.org/log-cache/internal/auth/uaa_client.go:251.8,253.3 1 28
code.cloudfoundry.org/log-cache/internal/auth/uaa_client.go:255.2,258.8 3 6
code.cloudfoundry.org/log-cache/internal/auth/uaa_client.go:258.8,260.3 1 2
code.cloudfoundry.org/log-cache/internal/auth/uaa_client.go:262.2,262.46 1 4
code.cloudfoundry.org/log-cache/internal/auth/uaa_client.go:267.42,269.2 1 36
code.cloudfoundry.org/log-cache/internal/auth/uaa_client.go:282.58,284.57 2 34
code.cloudfoundry.org/log-cache/internal/auth/uaa_client.go:284.57,286.3 1 1
code.cloudfoundry.org/log-cache/internal/auth/uaa_client.go:288.2,288.23 1 33
code.cloudfoundry.org/log-cache/internal/auth/uaa_client.go:298.53,300.55 2 27
code.cloudfoundry.org/log-cache/internal/auth/uaa_client.go:300.55,302.3 1 0
code.cloudfoundry.org/log-cache/internal/auth/uaa_client.go:304.2,306.16 2 27
