mode: atomic
code.cloudfoundry.org/log-cache/internal/gateway/gateway.go:41.83,49.25 2 12
code.cloudfoundry.org/log-cache/internal/gateway/gateway.go:49.25,51.3 1 47
code.cloudfoundry.org/log-cache/internal/gateway/gateway.go:53.2,53.10 1 12
code.cloudfoundry.org/log-cache/internal/gateway/gateway.go:61.53,62.26 1 0
code.cloudfoundry.org/log-cache/internal/gateway/gateway.go:62.26,64.3 1 0
code.cloudfoundry.org/log-cache/internal/gateway/gateway.go:70.39,71.26 1 0
code.cloudfoundry.org/log-cache/internal/gateway/gateway.go:71.26,73.3 1 0
code.cloudfoundry.org/log-cache/internal/gateway/gateway.go:78.73,79.26 1 12
code.cloudfoundry.org/log-cache/internal/gateway/gateway.go:79.26,81.3 1 12
code.cloudfoundry.org/log-cache/internal/gateway/gateway.go:86.55,87.26 1 12
code.cloudfoundry.org/log-cache/internal/gateway/gateway.go:87.26,89.3 1 12
code.cloudfoundry.org/log-cache/internal/gateway/gateway.go:94.65,95.26 1 12
code.cloudfoundry.org/log-cache/internal/gateway/gateway.go:95.26,97.3 1 12
code.cloudfoundry.org/log-cache/internal/gateway/gateway.go:100.67,101.26 1 11
code.cloudfoundry.org/log-cache/internal/gateway/gateway.go:101.26,104.3 2 11
code.cloudfoundry.org/log-cache/internal/gateway/gateway.go:109.27,111.16 2 12
code.cloudfoundry.org/log-cache/internal/gateway/gateway.go:111.16,113.3 1 0
code.cloudfoundry.org/log-cache/internal/gateway/gateway.go:114.2,117.20 3 12
code.cloudfoundry.org/log-cache/internal/gateway/gateway.go:117.20,120.3 2 0
code.cloudfoundry.org/log-cache/internal/gateway/gateway.go:122.2,122.23 1 12
code.cloudfoundry.org/log-cache/internal/gateway/gateway.go:127.33,129.2 1 12
code.cloudfoundry.org/log-cache/internal/gateway/gateway.go:131.36,140.16 3 12
code.cloudfoundry.org/log-cache/internal/gateway/gateway.go:140.16,142.3 1 0
code.cloudfoundry.org/log-cache/internal/gateway/gateway.go:144.2,149.16 2 12
code.cloudfoundry.org/log-cache/internal/gateway/gateway.go:149.16,151.3 1 0
code.cloudfoundry.org/log-cache/internal/gateway/gateway.go:153.2,158.16 2 12
code.cloudfoundry.org/log-cache/internal/gateway/gateway.go:158.16,160.3 1 0
code.cloudfoundry.org/log-cache/internal/gateway/gateway.go:162.2,170.41 5 12
code.cloudfoundry.org/log-cache/internal/gateway/gateway.go:170.41,171.71 1 11
code.cloudfoundry.org/log-cache/internal/gateway/gateway.go:171.71,173.4 1 0
code.cloudfoundry.org/log-cache/internal/gateway/gateway.go:174.8,175.45 1 1
code.cloudfoundry.org/log-cache/internal/gateway/gateway.go:175.45,177.4 1 0
code.cloudfoundry.org/log-cache/internal/gateway/gateway.go:181.78,183.16 2 1
code.cloudfoundry.org/log-cache/internal/gateway/gateway.go:183.16,185.3 1 0
code.cloudfoundry.org/log-cache/internal/gateway/gateway.go:188.30,191.2 2 0
code.cloudfoundry.org/log-cache/internal/gateway/gateway.go:206.3,207.74 1 2
code.cloudfoundry.org/log-cache/internal/gateway/gateway.go:207.74,210.3 2 0
code.cloudfoundry.org/log-cache/internal/gateway/gateway.go:212.2,224.17 6 2
code.cloudfoundry.org/log-cache/internal/gateway/gateway.go:224.17,227.56 3 0
code.cloudfoundry.org/log-cache/internal/gateway/gateway.go:227.56,229.4 1 0
code.cloudfoundry.org/log-cache/internal/gateway/gateway.go:230.3,230.9 1 0
code.cloudfoundry.org/log-cache/internal/gateway/gateway.go:233.2,234.40 2 2
code.cloudfoundry.org/log-cache/internal/gateway/gateway.go:234.40,236.3 1 0
