mode: atomic
code.cloudfoundry.org/log-cache/pkg/marshaler/marshaler.go:17.70,21.2 1 26
code.cloudfoundry.org/log-cache/pkg/marshaler/marshaler.go:23.66,24.23 1 13
code.cloudfoundry.org/log-cache/pkg/marshaler/marshaler.go:25.46,27.17 2 8
code.cloudfoundry.org/log-cache/pkg/marshaler/marshaler.go:27.17,29.4 1 1
code.cloudfoundry.org/log-cache/pkg/marshaler/marshaler.go:31.3,31.45 1 7
code.cloudfoundry.org/log-cache/pkg/marshaler/marshaler.go:32.44,34.17 2 3
code.cloudfoundry.org/log-cache/pkg/marshaler/marshaler.go:34.17,36.4 1 0
code.cloudfoundry.org/log-cache/pkg/marshaler/marshaler.go:38.3,38.45 1 3
code.cloudfoundry.org/log-cache/pkg/marshaler/marshaler.go:39.10,40.46 1 2
code.cloudfoundry.org/log-cache/pkg/marshaler/marshaler.go:44.61,46.2 1 12
code.cloudfoundry.org/log-cache/pkg/marshaler/marshaler.go:70.118,74.30 3 9
code.cloudfoundry.org/log-cache/pkg/marshaler/marshaler.go:75.53,76.54 1 3
code.cloudfoundry.org/log-cache/pkg/marshaler/marshaler.go:77.53,78.54 1 3
code.cloudfoundry.org/log-cache/pkg/marshaler/marshaler.go:79.53,80.54 1 3
code.cloudfoundry.org/log-cache/pkg/marshaler/marshaler.go:83.2,83.16 1 9
code.cloudfoundry.org/log-cache/pkg/marshaler/marshaler.go:83.16,85.3 1 1
code.cloudfoundry.org/log-cache/pkg/marshaler/marshaler.go:87.2,90.8 1 8
code.cloudfoundry.org/log-cache/pkg/marshaler/marshaler.go:93.114,97.30 3 3
code.cloudfoundry.org/log-cache/pkg/marshaler/marshaler.go:98.51,99.54 1 3
code.cloudfoundry.org/log-cache/pkg/marshaler/marshaler.go:102.2,102.16 1 3
code.cloudfoundry.org/log-cache/pkg/marshaler/marshaler.go:102.16,104.3 1 0
code.cloudfoundry.org/log-cache/pkg/marshaler/marshaler.go:106.2,109.8 1 3
code.cloudfoundry.org/log-cache/pkg/marshaler/marshaler.go:112.81,114.16 2 3
code.cloudfoundry.org/log-cache/pkg/marshaler/marshaler.go:114.16,116.3 1 1
code.cloudfoundry.org/log-cache/pkg/marshaler/marshaler.go:118.2,119.16 2 2
code.cloudfoundry.org/log-cache/pkg/marshaler/marshaler.go:119.16,121.3 1 0
code.cloudfoundry.org/log-cache/pkg/marshaler/marshaler.go:123.2,126.8 1 2
code.cloudfoundry.org/log-cache/pkg/marshaler/marshaler.go:129.81,134.35 2 3
code.cloudfoundry.org/log-cache/pkg/marshaler/marshaler.go:134.35,137.17 3 3
code.cloudfoundry.org/log-cache/pkg/marshaler/marshaler.go:137.17,139.4 1 0
code.cloudfoundry.org/log-cache/pkg/marshaler/marshaler.go:141.3,142.20 2 3
code.cloudfoundry.org/log-cache/pkg/marshaler/marshaler.go:142.20,144.4 1 1
code.cloudfoundry.org/log-cache/pkg/marshaler/marshaler.go:146.3,149.5 1 3
code.cloudfoundry.org/log-cache/pkg/marshaler/marshaler.go:152.2,153.16 2 3
code.cloudfoundry.org/log-cache/pkg/marshaler/marshaler.go:153.16,155.3 1 0
code.cloudfoundry.org/log-cache/pkg/marshaler/marshaler.go:157.2,160.8 1 3
code.cloudfoundry.org/log-cache/pkg/marshaler/marshaler.go:163.81,168.34 2 6
code.cloudfoundry.org/log-cache/pkg/marshaler/marshaler.go:168.34,170.35 2 6
code.cloudfoundry.org/log-cache/pkg/marshaler/marshaler.go:170.35,172.18 2 12
code.cloudfoundry.org/log-cache/pkg/marshaler/marshaler.go:172.18,174.5 1 0
code.cloudfoundry.org/log-cache/pkg/marshaler/marshaler.go:176.4,176.34 1 12
code.cloudfoundry.org/log-cache/pkg/marshaler/marshaler.go:179.3,180.20 2 6
code.cloudfoundry.org/log-cache/pkg/marshaler/marshaler.go:180.20,182.4 1 2
code.cloudfoundry.org/log-cache/pkg/marshaler/marshaler.go:184.3,187.5 1 6
code.cloudfoundry.org/log-cache/pkg/marshaler/marshaler.go:190.2,191.16 2 6
code.cloudfoundry.org/log-cache/pkg/marshaler/marshaler.go:191.16,193.3 1 0
code.cloudfoundry.org/log-cache/pkg/marshaler/marshaler.go:195.2,198.8 1 6
code.cloudfoundry.org/log-cache/pkg/marshaler/marshaler.go:201.71,203.16 2 18
code.cloudfoundry.org/log-cache/pkg/marshaler/marshaler.go:203.16,205.3 1 1
code.cloudfoundry.org/log-cache/pkg/marshaler/marshaler.go:206.2,210.8 2 17
code.cloudfoundry.org/log-cache/pkg/marshaler/marshaler.go:213.67,217.55 3 3
code.cloudfoundry.org/log-cache/pkg/marshaler/marshaler.go:217.55,218.24 1 3
code.cloudfoundry.org/log-cache/pkg/marshaler/marshaler.go:219.47,221.18 2 1
code.cloudfoundry.org/log-cache/pkg/marshaler/marshaler.go:221.18,223.5 1 0
code.cloudfoundry.org/log-cache/pkg/marshaler/marshaler.go:225.4,225.37 1 1
code.cloudfoundry.org/log-cache/pkg/marshaler/marshaler.go:226.45,228.18 2 0
code.cloudfoundry.org/log-cache/pkg/marshaler/marshaler.go:228.18,230.5 1 0
code.cloudfoundry.org/log-cache/pkg/marshaler/marshaler.go:232.4,232.37 1 0
code.cloudfoundry.org/log-cache/pkg/marshaler/marshaler.go:233.11,234.36 1 2
code.cloudfoundry.org/log-cache/pkg/marshaler/marshaler.go:241.71,244.23 2 6
code.cloudfoundry.org/log-cache/pkg/marshaler/marshaler.go:245.46,247.17 2 3
code.cloudfoundry.org/log-cache/pkg/marshaler/marshaler.go:247.17,249.4 1 0
code.cloudfoundry.org/log-cache/pkg/marshaler/marshaler.go:251.3,252.17 2 3
code.cloudfoundry.org/log-cache/pkg/marshaler/marshaler.go:252.17,254.4 1 0
code.cloudfoundry.org/log-cache/pkg/marshaler/marshaler.go:255.44,257.17 2 1
code.cloudfoundry.org/log-cache/pkg/marshaler/marshaler.go:257.17,259.4 1 0
code.cloudfoundry.org/log-cache/pkg/marshaler/marshaler.go:261.3,262.17 2 1
code.cloudfoundry.org/log-cache/pkg/marshaler/marshaler.go:262.17,264.4 1 0
code.cloudfoundry.org/log-cache/pkg/marshaler/marshaler.go:265.10,266.39 1 2
code.cloudfoundry.org/log-cache/pkg/marshaler/marshaler.go:269.2,269.12 1 4
code.cloudfoundry.org/log-cache/pkg/marshaler/marshaler.go:272.119,273.27 1 4
code.cloudfoundry.org/log-cache/pkg/marshaler/marshaler.go:274.16,276.17 2 2
code.cloudfoundry.org/log-cache/pkg/marshaler/marshaler.go:276.17,278.4 1 0
code.cloudfoundry.org/log-cache/pkg/marshaler/marshaler.go:280.3,284.9 1 2
code.cloudfoundry.org/log-cache/pkg/marshaler/marshaler.go:285.16,287.17 2 1
code.cloudfoundry.org/log-cache/pkg/marshaler/marshaler.go:287.17,289.4 1 0
code.cloudfoundry.org/log-cache/pkg/marshaler/marshaler.go:291.3,295.9 1 1
code.cloudfoundry.org/log-cache/pkg/marshaler/marshaler.go:296.16,298.17 2 1
code.cloudfoundry.org/log-cache/pkg/marshaler/marshaler.go:298.17,300.4 1 0
code.cloudfoundry.org/log-cache/pkg/marshaler/marshaler.go:302.3,306.9 1 1
code.cloudfoundry.org/log-cache/pkg/marshaler/marshaler.go:307.10,308.121 1 0
code.cloudfoundry.org/log-cache/pkg/marshaler/marshaler.go:312.115,313.27 1 1
code.cloudfoundry.org/log-cache/pkg/marshaler/marshaler.go:314.16,316.17 2 1
code.cloudfoundry.org/log-cache/pkg/marshaler/marshaler.go:316.17,318.4 1 0
code.cloudfoundry.org/log-cache/pkg/marshaler/marshaler.go:320.3,324.9 1 1
code.cloudfoundry.org/log-cache/pkg/marshaler/marshaler.go:325.10,326.117 1 0
code.cloudfoundry.org/log-cache/pkg/marshaler/marshaler.go:330.81,333.16 3 2
code.cloudfoundry.org/log-cache/pkg/marshaler/marshaler.go:333.16,335.3 1 0
code.cloudfoundry.org/log-cache/pkg/marshaler/marshaler.go:337.2,338.16 2 2
code.cloudfoundry.org/log-cache/pkg/marshaler/marshaler.go:338.16,340.3 1 0
code.cloudfoundry.org/log-cache/pkg/marshaler/marshaler.go:342.2,345.8 1 2
code.cloudfoundry.org/log-cache/pkg/marshaler/marshaler.go:348.81,351.16 3 1
code.cloudfoundry.org/log-cache/pkg/marshaler/marshaler.go:351.16,353.3 1 0
code.cloudfoundry.org/log-cache/pkg/marshaler/marshaler.go:355.2,356.38 2 1
code.cloudfoundry.org/log-cache/pkg/marshaler/marshaler.go:356.38,358.17 2 2
code.cloudfoundry.org/log-cache/pkg/marshaler/marshaler.go:358.17,360.4 1 0
code.cloudfoundry.org/log-cache/pkg/marshaler/marshaler.go:362.3,368.5 1 2
code.cloudfoundry.org/log-cache/pkg/marshaler/marshaler.go:370.2,372.8 1 1
code.cloudfoundry.org/log-cache/pkg/marshaler/marshaler.go:375.81,378.16 3 2
code.cloudfoundry.org/log-cache/pkg/marshaler/marshaler.go:378.16,380.3 1 0
code.cloudfoundry.org/log-cache/pkg/marshaler/marshaler.go:382.2,383.31 2 2
code.cloudfoundry.org/log-cache/pkg/marshaler/marshaler.go:383.31,385.38 2 4
code.cloudfoundry.org/log-cache/pkg/marshaler/marshaler.go:385.38,387.18 2 8
code.cloudfoundry.org/log-cache/pkg/marshaler/marshaler.go:387.18,389.5 1 0
code.cloudfoundry.org/log-cache/pkg/marshaler/marshaler.go:391.4,394.6 1 8
code.cloudfoundry.org/log-cache/pkg/marshaler/marshaler.go:396.3,399.5 1 4
code.cloudfoundry.org/log-cache/pkg/marshaler/marshaler.go:402.2,404.8 1 2
code.cloudfoundry.org/log-cache/pkg/marshaler/marshaler.go:407.69,408.21 1 12
code.cloudfoundry.org/log-cache/pkg/marshaler/marshaler.go:408.21,410.3 1 0
code.cloudfoundry.org/log-cache/pkg/marshaler/marshaler.go:412.2,413.9 2 12
code.cloudfoundry.org/log-cache/pkg/marshaler/marshaler.go:413.9,415.3 1 0
code.cloudfoundry.org/log-cache/pkg/marshaler/marshaler.go:417.2,418.9 2 12
code.cloudfoundry.org/log-cache/pkg/marshaler/marshaler.go:418.9,420.3 1 0
code.cloudfoundry.org/log-cache/pkg/marshaler/marshaler.go:422.2,423.16 2 12
code.cloudfoundry.org/log-cache/pkg/marshaler/marshaler.go:423.16,425.3 1 0
code.cloudfoundry.org/log-cache/pkg/marshaler/marshaler.go:427.2,427.62 1 12
code.cloudfoundry.org/log-cache/pkg/marshaler/marshaler.go:430.67,434.55 3 3
code.cloudfoundry.org/log-cache/pkg/marshaler/marshaler.go:434.55,437.24 2 3
code.cloudfoundry.org/log-cache/pkg/marshaler/marshaler.go:438.47,440.18 2 1
code.cloudfoundry.org/log-cache/pkg/marshaler/marshaler.go:440.18,442.5 1 0
code.cloudfoundry.org/log-cache/pkg/marshaler/marshaler.go:444.4,445.18 2 1
code.cloudfoundry.org/log-cache/pkg/marshaler/marshaler.go:445.18,447.5 1 0
code.cloudfoundry.org/log-cache/pkg/marshaler/marshaler.go:449.4,449.14 1 1
code.cloudfoundry.org/log-cache/pkg/marshaler/marshaler.go:450.45,452.18 2 0
code.cloudfoundry.org/log-cache/pkg/marshaler/marshaler.go:452.18,454.5 1 0
code.cloudfoundry.org/log-cache/pkg/marshaler/marshaler.go:456.4,457.18 2 0
code.cloudfoundry.org/log-cache/pkg/marshaler/marshaler.go:457.18,459.5 1 0
code.cloudfoundry.org/log-cache/pkg/marshaler/marshaler.go:461.4,461.14 1 0
code.cloudfoundry.org/log-cache/pkg/marshaler/marshaler.go:464.3,464.35 1 2
code.cloudfoundry.org/log-cache/pkg/marshaler/marshaler.go:468.61,470.2 1 1
